-------------------------------------------------------------------------------
Test set: Junit.studentsinfo.CreateStudentDataDrivenTest
-------------------------------------------------------------------------------
Tests run: 100, Failures: 0, Errors: 100, Skipped: 0, Time elapsed: 127.306 s <<< FAILURE! - in Junit.studentsinfo.CreateStudentDataDrivenTest
Junit.studentsinfo.CreateStudentDataDrivenTest.createMultipleStudents[13]  Time elapsed: 6.214 s  <<< ERROR!
java.net.ConnectException: Connection refused: connect
	at Junit.studentsinfo.CreateStudentDataDrivenTest.createMultipleStudents(CreateStudentDataDrivenTest.java:76)

Junit.studentsinfo.CreateStudentDataDrivenTest.createMultipleStudents[4]  Time elapsed: 7.305 s  <<< ERROR!
java.net.ConnectException: Connection refused: connect
	at Junit.studentsinfo.CreateStudentDataDrivenTest.createMultipleStudents(CreateStudentDataDrivenTest.java:76)

Junit.studentsinfo.CreateStudentDataDrivenTest.createMultipleStudents[3]  Time elapsed: 8.703 s  <<< ERROR!
java.net.ConnectException: Connection refused: connect
	at Junit.studentsinfo.CreateStudentDataDrivenTest.createMultipleStudents(CreateStudentDataDrivenTest.java:76)

Junit.studentsinfo.CreateStudentDataDrivenTest.createMultipleStudents[11]  Time elapsed: 8.706 s  <<< ERROR!
java.net.ConnectException: Connection refused: connect
	at Junit.studentsinfo.CreateStudentDataDrivenTest.createMultipleStudents(CreateStudentDataDrivenTest.java:76)

Junit.studentsinfo.CreateStudentDataDrivenTest.createMultipleStudents[15]  Time elapsed: 8.72 s  <<< ERROR!
java.net.ConnectException: Connection refused: connect
	at Junit.studentsinfo.CreateStudentDataDrivenTest.createMultipleStudents(CreateStudentDataDrivenTest.java:76)

Junit.studentsinfo.CreateStudentDataDrivenTest.createMultipleStudents[12]  Time elapsed: 1.193 s  <<< ERROR!
java.net.ConnectException: Connection refused: connect
	at Junit.studentsinfo.CreateStudentDataDrivenTest.createMultipleStudents(CreateStudentDataDrivenTest.java:76)

Junit.studentsinfo.CreateStudentDataDrivenTest.createMultipleStudents[5]  Time elapsed: 1.23 s  <<< ERROR!
java.net.ConnectException: Connection refused: connect
	at Junit.studentsinfo.CreateStudentDataDrivenTest.createMultipleStudents(CreateStudentDataDrivenTest.java:76)

Junit.studentsinfo.CreateStudentDataDrivenTest.createMultipleStudents[8]  Time elapsed: 1.23 s  <<< ERROR!
java.net.ConnectException: Connection refused: connect
	at Junit.studentsinfo.CreateStudentDataDrivenTest.createMultipleStudents(CreateStudentDataDrivenTest.java:76)

Junit.studentsinfo.CreateStudentDataDrivenTest.createMultipleStudents[1]  Time elapsed: 1.403 s  <<< ERROR!
java.net.ConnectException: Connection refused: connect
	at Junit.studentsinfo.CreateStudentDataDrivenTest.createMultipleStudents(CreateStudentDataDrivenTest.java:76)

Junit.studentsinfo.CreateStudentDataDrivenTest.createMultipleStudents[0]  Time elapsed: 1.403 s  <<< ERROR!
java.net.ConnectException: Connection refused: connect
	at Junit.studentsinfo.CreateStudentDataDrivenTest.createMultipleStudents(CreateStudentDataDrivenTest.java:76)

Junit.studentsinfo.CreateStudentDataDrivenTest.createMultipleStudents[7]  Time elapsed: 1.403 s  <<< ERROR!
java.net.ConnectException: Connection refused: connect
	at Junit.studentsinfo.CreateStudentDataDrivenTest.createMultipleStudents(CreateStudentDataDrivenTest.java:76)

Junit.studentsinfo.CreateStudentDataDrivenTest.createMultipleStudents[14]  Time elapsed: 1.307 s  <<< ERROR!
java.net.ConnectException: Connection refused: connect
	at Junit.studentsinfo.CreateStudentDataDrivenTest.createMultipleStudents(CreateStudentDataDrivenTest.java:76)

Junit.studentsinfo.CreateStudentDataDrivenTest.createMultipleStudents[10]  Time elapsed: 1.311 s  <<< ERROR!
java.net.ConnectException: Connection refused: connect
	at Junit.studentsinfo.CreateStudentDataDrivenTest.createMultipleStudents(CreateStudentDataDrivenTest.java:76)

Junit.studentsinfo.CreateStudentDataDrivenTest.createMultipleStudents[19]  Time elapsed: 1.409 s  <<< ERROR!
java.net.ConnectException: Connection refused: connect
	at Junit.studentsinfo.CreateStudentDataDrivenTest.createMultipleStudents(CreateStudentDataDrivenTest.java:76)

Junit.studentsinfo.CreateStudentDataDrivenTest.createMultipleStudents[17]  Time elapsed: 1.423 s  <<< ERROR!
java.net.ConnectException: Connection refused: connect
	at Junit.studentsinfo.CreateStudentDataDrivenTest.createMultipleStudents(CreateStudentDataDrivenTest.java:76)

Junit.studentsinfo.CreateStudentDataDrivenTest.createMultipleStudents[6]  Time elapsed: 0.018 s  <<< ERROR!
java.net.ConnectException: Connection refused: connect
	at Junit.studentsinfo.CreateStudentDataDrivenTest.createMultipleStudents(CreateStudentDataDrivenTest.java:76)

Junit.studentsinfo.CreateStudentDataDrivenTest.createMultipleStudents[9]  Time elapsed: 0.025 s  <<< ERROR!
java.net.ConnectException: Connection refused: connect
	at Junit.studentsinfo.CreateStudentDataDrivenTest.createMultipleStudents(CreateStudentDataDrivenTest.java:76)

Junit.studentsinfo.CreateStudentDataDrivenTest.createMultipleStudents[2]  Time elapsed: 0.03 s  <<< ERROR!
java.net.ConnectException: Connection refused: connect
	at Junit.studentsinfo.CreateStudentDataDrivenTest.createMultipleStudents(CreateStudentDataDrivenTest.java:76)

Junit.studentsinfo.CreateStudentDataDrivenTest.createMultipleStudents[16]  Time elapsed: 1.285 s  <<< ERROR!
java.net.ConnectException: Connection refused: connect
	at Junit.studentsinfo.CreateStudentDataDrivenTest.createMultipleStudents(CreateStudentDataDrivenTest.java:76)

Junit.studentsinfo.CreateStudentDataDrivenTest.createMultipleStudents[23]  Time elapsed: 0.776 s  <<< ERROR!
java.net.ConnectException: Connection refused: connect
	at Junit.studentsinfo.CreateStudentDataDrivenTest.createMultipleStudents(CreateStudentDataDrivenTest.java:76)

Junit.studentsinfo.CreateStudentDataDrivenTest.createMultipleStudents[20]  Time elapsed: 0.001 s  <<< ERROR!
java.net.ConnectException: Connection refused: connect
	at Junit.studentsinfo.CreateStudentDataDrivenTest.createMultipleStudents(CreateStudentDataDrivenTest.java:76)

Junit.studentsinfo.CreateStudentDataDrivenTest.createMultipleStudents[18]  Time elapsed: 1.222 s  <<< ERROR!
java.net.ConnectException: Connection refused: connect
	at Junit.studentsinfo.CreateStudentDataDrivenTest.createMultipleStudents(CreateStudentDataDrivenTest.java:76)

Junit.studentsinfo.CreateStudentDataDrivenTest.createMultipleStudents[21]  Time elapsed: 0 s  <<< ERROR!
java.net.ConnectException: Connection refused: connect
	at Junit.studentsinfo.CreateStudentDataDrivenTest.createMultipleStudents(CreateStudentDataDrivenTest.java:76)

Junit.studentsinfo.CreateStudentDataDrivenTest.createMultipleStudents[27]  Time elapsed: 0.823 s  <<< ERROR!
java.net.ConnectException: Connection refused: connect
	at Junit.studentsinfo.CreateStudentDataDrivenTest.createMultipleStudents(CreateStudentDataDrivenTest.java:76)

Junit.studentsinfo.CreateStudentDataDrivenTest.createMultipleStudents[29]  Time elapsed: 2.02 s  <<< ERROR!
java.net.ConnectException: Connection refused: connect
	at Junit.studentsinfo.CreateStudentDataDrivenTest.createMultipleStudents(CreateStudentDataDrivenTest.java:76)

Junit.studentsinfo.CreateStudentDataDrivenTest.createMultipleStudents[26]  Time elapsed: 2.02 s  <<< ERROR!
java.net.ConnectException: Connection refused: connect
	at Junit.studentsinfo.CreateStudentDataDrivenTest.createMultipleStudents(CreateStudentDataDrivenTest.java:76)

Junit.studentsinfo.CreateStudentDataDrivenTest.createMultipleStudents[24]  Time elapsed: 0.826 s  <<< ERROR!
java.net.ConnectException: Connection refused: connect
	at Junit.studentsinfo.CreateStudentDataDrivenTest.createMultipleStudents(CreateStudentDataDrivenTest.java:76)

Junit.studentsinfo.CreateStudentDataDrivenTest.createMultipleStudents[28]  Time elapsed: 2.01 s  <<< ERROR!
java.net.ConnectException: Connection refused: connect
	at Junit.studentsinfo.CreateStudentDataDrivenTest.createMultipleStudents(CreateStudentDataDrivenTest.java:76)

Junit.studentsinfo.CreateStudentDataDrivenTest.createMultipleStudents[22]  Time elapsed: 2.012 s  <<< ERROR!
java.net.ConnectException: Connection refused: connect
	at Junit.studentsinfo.CreateStudentDataDrivenTest.createMultipleStudents(CreateStudentDataDrivenTest.java:76)

Junit.studentsinfo.CreateStudentDataDrivenTest.createMultipleStudents[25]  Time elapsed: 0.021 s  <<< ERROR!
java.net.ConnectException: Connection refused: connect
	at Junit.studentsinfo.CreateStudentDataDrivenTest.createMultipleStudents(CreateStudentDataDrivenTest.java:76)

Junit.studentsinfo.CreateStudentDataDrivenTest.createMultipleStudents[35]  Time elapsed: 2.043 s  <<< ERROR!
java.net.ConnectException: Connection refused: connect
	at Junit.studentsinfo.CreateStudentDataDrivenTest.createMultipleStudents(CreateStudentDataDrivenTest.java:76)

Junit.studentsinfo.CreateStudentDataDrivenTest.createMultipleStudents[33]  Time elapsed: 2.043 s  <<< ERROR!
java.net.ConnectException: Connection refused: connect
	at Junit.studentsinfo.CreateStudentDataDrivenTest.createMultipleStudents(CreateStudentDataDrivenTest.java:76)

Junit.studentsinfo.CreateStudentDataDrivenTest.createMultipleStudents[31]  Time elapsed: 2.07 s  <<< ERROR!
java.net.ConnectException: Connection refused: connect
	at Junit.studentsinfo.CreateStudentDataDrivenTest.createMultipleStudents(CreateStudentDataDrivenTest.java:76)

Junit.studentsinfo.CreateStudentDataDrivenTest.createMultipleStudents[34]  Time elapsed: 2.065 s  <<< ERROR!
java.net.ConnectException: Connection refused: connect
	at Junit.studentsinfo.CreateStudentDataDrivenTest.createMultipleStudents(CreateStudentDataDrivenTest.java:76)

Junit.studentsinfo.CreateStudentDataDrivenTest.createMultipleStudents[36]  Time elapsed: 0.001 s  <<< ERROR!
java.net.ConnectException: Connection refused: connect
	at Junit.studentsinfo.CreateStudentDataDrivenTest.createMultipleStudents(CreateStudentDataDrivenTest.java:76)

Junit.studentsinfo.CreateStudentDataDrivenTest.createMultipleStudents[37]  Time elapsed: 1.341 s  <<< ERROR!
java.net.ConnectException: Connection refused: connect
	at Junit.studentsinfo.CreateStudentDataDrivenTest.createMultipleStudents(CreateStudentDataDrivenTest.java:76)

Junit.studentsinfo.CreateStudentDataDrivenTest.createMultipleStudents[32]  Time elapsed: 1.355 s  <<< ERROR!
java.net.ConnectException: Connection refused: connect
	at Junit.studentsinfo.CreateStudentDataDrivenTest.createMultipleStudents(CreateStudentDataDrivenTest.java:76)

Junit.studentsinfo.CreateStudentDataDrivenTest.createMultipleStudents[39]  Time elapsed: 1.228 s  <<< ERROR!
java.net.ConnectException: Connection refused: connect
	at Junit.studentsinfo.CreateStudentDataDrivenTest.createMultipleStudents(CreateStudentDataDrivenTest.java:76)

Junit.studentsinfo.CreateStudentDataDrivenTest.createMultipleStudents[38]  Time elapsed: 1.242 s  <<< ERROR!
java.net.ConnectException: Connection refused: connect
	at Junit.studentsinfo.CreateStudentDataDrivenTest.createMultipleStudents(CreateStudentDataDrivenTest.java:76)

Junit.studentsinfo.CreateStudentDataDrivenTest.createMultipleStudents[30]  Time elapsed: 1.242 s  <<< ERROR!
java.net.ConnectException: Connection refused: connect
	at Junit.studentsinfo.CreateStudentDataDrivenTest.createMultipleStudents(CreateStudentDataDrivenTest.java:76)

Junit.studentsinfo.CreateStudentDataDrivenTest.createMultipleStudents[46]  Time elapsed: 0.804 s  <<< ERROR!
java.net.ConnectException: Connection refused: connect
	at Junit.studentsinfo.CreateStudentDataDrivenTest.createMultipleStudents(CreateStudentDataDrivenTest.java:76)

Junit.studentsinfo.CreateStudentDataDrivenTest.createMultipleStudents[41]  Time elapsed: 0.798 s  <<< ERROR!
java.net.ConnectException: Connection refused: connect
	at Junit.studentsinfo.CreateStudentDataDrivenTest.createMultipleStudents(CreateStudentDataDrivenTest.java:76)

Junit.studentsinfo.CreateStudentDataDrivenTest.createMultipleStudents[43]  Time elapsed: 0.833 s  <<< ERROR!
java.net.ConnectException: Connection refused: connect
	at Junit.studentsinfo.CreateStudentDataDrivenTest.createMultipleStudents(CreateStudentDataDrivenTest.java:76)

Junit.studentsinfo.CreateStudentDataDrivenTest.createMultipleStudents[45]  Time elapsed: 2.029 s  <<< ERROR!
java.net.ConnectException: Connection refused: connect
	at Junit.studentsinfo.CreateStudentDataDrivenTest.createMultipleStudents(CreateStudentDataDrivenTest.java:76)

Junit.studentsinfo.CreateStudentDataDrivenTest.createMultipleStudents[44]  Time elapsed: 2.029 s  <<< ERROR!
java.net.ConnectException: Connection refused: connect
	at Junit.studentsinfo.CreateStudentDataDrivenTest.createMultipleStudents(CreateStudentDataDrivenTest.java:76)

Junit.studentsinfo.CreateStudentDataDrivenTest.createMultipleStudents[42]  Time elapsed: 2.057 s  <<< ERROR!
java.net.ConnectException: Connection refused: connect
	at Junit.studentsinfo.CreateStudentDataDrivenTest.createMultipleStudents(CreateStudentDataDrivenTest.java:76)

Junit.studentsinfo.CreateStudentDataDrivenTest.createMultipleStudents[40]  Time elapsed: 0.784 s  <<< ERROR!
java.net.ConnectException: Connection refused: connect
	at Junit.studentsinfo.CreateStudentDataDrivenTest.createMultipleStudents(CreateStudentDataDrivenTest.java:76)

Junit.studentsinfo.CreateStudentDataDrivenTest.createMultipleStudents[50]  Time elapsed: 5.147 s  <<< ERROR!
java.net.ConnectException: Connection refused: connect
	at Junit.studentsinfo.CreateStudentDataDrivenTest.createMultipleStudents(CreateStudentDataDrivenTest.java:76)

Junit.studentsinfo.CreateStudentDataDrivenTest.createMultipleStudents[48]  Time elapsed: 5.153 s  <<< ERROR!
java.net.ConnectException: Connection refused: connect
	at Junit.studentsinfo.CreateStudentDataDrivenTest.createMultipleStudents(CreateStudentDataDrivenTest.java:76)

Junit.studentsinfo.CreateStudentDataDrivenTest.createMultipleStudents[49]  Time elapsed: 7.167 s  <<< ERROR!
java.net.ConnectException: Connection refused: connect
	at Junit.studentsinfo.CreateStudentDataDrivenTest.createMultipleStudents(CreateStudentDataDrivenTest.java:76)

Junit.studentsinfo.CreateStudentDataDrivenTest.createMultipleStudents[47]  Time elapsed: 7.938 s  <<< ERROR!
java.net.ConnectException: Connection refused: connect
	at Junit.studentsinfo.CreateStudentDataDrivenTest.createMultipleStudents(CreateStudentDataDrivenTest.java:76)

Junit.studentsinfo.CreateStudentDataDrivenTest.createMultipleStudents[59]  Time elapsed: 1.256 s  <<< ERROR!
java.net.ConnectException: Connection refused: connect
	at Junit.studentsinfo.CreateStudentDataDrivenTest.createMultipleStudents(CreateStudentDataDrivenTest.java:76)

Junit.studentsinfo.CreateStudentDataDrivenTest.createMultipleStudents[58]  Time elapsed: 1.263 s  <<< ERROR!
java.net.ConnectException: Connection refused: connect
	at Junit.studentsinfo.CreateStudentDataDrivenTest.createMultipleStudents(CreateStudentDataDrivenTest.java:76)

Junit.studentsinfo.CreateStudentDataDrivenTest.createMultipleStudents[55]  Time elapsed: 2.018 s  <<< ERROR!
java.net.ConnectException: Connection refused: connect
	at Junit.studentsinfo.CreateStudentDataDrivenTest.createMultipleStudents(CreateStudentDataDrivenTest.java:76)

Junit.studentsinfo.CreateStudentDataDrivenTest.createMultipleStudents[52]  Time elapsed: 2.05 s  <<< ERROR!
java.net.ConnectException: Connection refused: connect
	at Junit.studentsinfo.CreateStudentDataDrivenTest.createMultipleStudents(CreateStudentDataDrivenTest.java:76)

Junit.studentsinfo.CreateStudentDataDrivenTest.createMultipleStudents[51]  Time elapsed: 2.05 s  <<< ERROR!
java.net.ConnectException: Connection refused: connect
	at Junit.studentsinfo.CreateStudentDataDrivenTest.createMultipleStudents(CreateStudentDataDrivenTest.java:76)

Junit.studentsinfo.CreateStudentDataDrivenTest.createMultipleStudents[54]  Time elapsed: 0 s  <<< ERROR!
java.net.ConnectException: Connection refused: connect
	at Junit.studentsinfo.CreateStudentDataDrivenTest.createMultipleStudents(CreateStudentDataDrivenTest.java:76)

Junit.studentsinfo.CreateStudentDataDrivenTest.createMultipleStudents[56]  Time elapsed: 0.01 s  <<< ERROR!
java.net.ConnectException: Connection refused: connect
	at Junit.studentsinfo.CreateStudentDataDrivenTest.createMultipleStudents(CreateStudentDataDrivenTest.java:76)

Junit.studentsinfo.CreateStudentDataDrivenTest.createMultipleStudents[60]  Time elapsed: 1.166 s  <<< ERROR!
java.net.ConnectException: Connection refused: connect
	at Junit.studentsinfo.CreateStudentDataDrivenTest.createMultipleStudents(CreateStudentDataDrivenTest.java:76)

Junit.studentsinfo.CreateStudentDataDrivenTest.createMultipleStudents[57]  Time elapsed: 1.174 s  <<< ERROR!
java.net.ConnectException: Connection refused: connect
	at Junit.studentsinfo.CreateStudentDataDrivenTest.createMultipleStudents(CreateStudentDataDrivenTest.java:76)

Junit.studentsinfo.CreateStudentDataDrivenTest.createMultipleStudents[53]  Time elapsed: 1.931 s  <<< ERROR!
java.net.ConnectException: Connection refused: connect
	at Junit.studentsinfo.CreateStudentDataDrivenTest.createMultipleStudents(CreateStudentDataDrivenTest.java:76)

Junit.studentsinfo.CreateStudentDataDrivenTest.createMultipleStudents[66]  Time elapsed: 3.082 s  <<< ERROR!
java.net.ConnectException: Connection refused: connect
	at Junit.studentsinfo.CreateStudentDataDrivenTest.createMultipleStudents(CreateStudentDataDrivenTest.java:76)

Junit.studentsinfo.CreateStudentDataDrivenTest.createMultipleStudents[64]  Time elapsed: 3.093 s  <<< ERROR!
java.net.ConnectException: Connection refused: connect
	at Junit.studentsinfo.CreateStudentDataDrivenTest.createMultipleStudents(CreateStudentDataDrivenTest.java:76)

Junit.studentsinfo.CreateStudentDataDrivenTest.createMultipleStudents[63]  Time elapsed: 3.093 s  <<< ERROR!
java.net.ConnectException: Connection refused: connect
	at Junit.studentsinfo.CreateStudentDataDrivenTest.createMultipleStudents(CreateStudentDataDrivenTest.java:76)

Junit.studentsinfo.CreateStudentDataDrivenTest.createMultipleStudents[65]  Time elapsed: 0.758 s  <<< ERROR!
java.net.ConnectException: Connection refused: connect
	at Junit.studentsinfo.CreateStudentDataDrivenTest.createMultipleStudents(CreateStudentDataDrivenTest.java:76)

Junit.studentsinfo.CreateStudentDataDrivenTest.createMultipleStudents[62]  Time elapsed: 1.183 s  <<< ERROR!
java.net.ConnectException: Connection refused: connect
	at Junit.studentsinfo.CreateStudentDataDrivenTest.createMultipleStudents(CreateStudentDataDrivenTest.java:76)

Junit.studentsinfo.CreateStudentDataDrivenTest.createMultipleStudents[69]  Time elapsed: 1.188 s  <<< ERROR!
java.net.ConnectException: Connection refused: connect
	at Junit.studentsinfo.CreateStudentDataDrivenTest.createMultipleStudents(CreateStudentDataDrivenTest.java:76)

Junit.studentsinfo.CreateStudentDataDrivenTest.createMultipleStudents[68]  Time elapsed: 0.82 s  <<< ERROR!
java.net.ConnectException: Connection refused: connect
	at Junit.studentsinfo.CreateStudentDataDrivenTest.createMultipleStudents(CreateStudentDataDrivenTest.java:76)

Junit.studentsinfo.CreateStudentDataDrivenTest.createMultipleStudents[67]  Time elapsed: 0.008 s  <<< ERROR!
java.net.ConnectException: Connection refused: connect
	at Junit.studentsinfo.CreateStudentDataDrivenTest.createMultipleStudents(CreateStudentDataDrivenTest.java:76)

Junit.studentsinfo.CreateStudentDataDrivenTest.createMultipleStudents[70]  Time elapsed: 1.931 s  <<< ERROR!
java.net.ConnectException: Connection refused: connect
	at Junit.studentsinfo.CreateStudentDataDrivenTest.createMultipleStudents(CreateStudentDataDrivenTest.java:76)

Junit.studentsinfo.CreateStudentDataDrivenTest.createMultipleStudents[61]  Time elapsed: 0.766 s  <<< ERROR!
java.net.ConnectException: Connection refused: connect
	at Junit.studentsinfo.CreateStudentDataDrivenTest.createMultipleStudents(CreateStudentDataDrivenTest.java:76)

Junit.studentsinfo.CreateStudentDataDrivenTest.createMultipleStudents[71]  Time elapsed: 1.188 s  <<< ERROR!
java.net.ConnectException: Connection refused: connect
	at Junit.studentsinfo.CreateStudentDataDrivenTest.createMultipleStudents(CreateStudentDataDrivenTest.java:76)

Junit.studentsinfo.CreateStudentDataDrivenTest.createMultipleStudents[72]  Time elapsed: 1.965 s  <<< ERROR!
java.net.ConnectException: Connection refused: connect
	at Junit.studentsinfo.CreateStudentDataDrivenTest.createMultipleStudents(CreateStudentDataDrivenTest.java:76)

Junit.studentsinfo.CreateStudentDataDrivenTest.createMultipleStudents[76]  Time elapsed: 1.142 s  <<< ERROR!
java.net.ConnectException: Connection refused: connect
	at Junit.studentsinfo.CreateStudentDataDrivenTest.createMultipleStudents(CreateStudentDataDrivenTest.java:76)

Junit.studentsinfo.CreateStudentDataDrivenTest.createMultipleStudents[75]  Time elapsed: 3.053 s  <<< ERROR!
java.net.ConnectException: Connection refused: connect
	at Junit.studentsinfo.CreateStudentDataDrivenTest.createMultipleStudents(CreateStudentDataDrivenTest.java:76)

Junit.studentsinfo.CreateStudentDataDrivenTest.createMultipleStudents[79]  Time elapsed: 3.08 s  <<< ERROR!
java.net.ConnectException: Connection refused: connect
	at Junit.studentsinfo.CreateStudentDataDrivenTest.createMultipleStudents(CreateStudentDataDrivenTest.java:76)

Junit.studentsinfo.CreateStudentDataDrivenTest.createMultipleStudents[73]  Time elapsed: 0.747 s  <<< ERROR!
java.net.ConnectException: Connection refused: connect
	at Junit.studentsinfo.CreateStudentDataDrivenTest.createMultipleStudents(CreateStudentDataDrivenTest.java:76)

Junit.studentsinfo.CreateStudentDataDrivenTest.createMultipleStudents[74]  Time elapsed: 0.777 s  <<< ERROR!
java.net.ConnectException: Connection refused: connect
	at Junit.studentsinfo.CreateStudentDataDrivenTest.createMultipleStudents(CreateStudentDataDrivenTest.java:76)

Junit.studentsinfo.CreateStudentDataDrivenTest.createMultipleStudents[77]  Time elapsed: 0.762 s  <<< ERROR!
java.net.ConnectException: Connection refused: connect
	at Junit.studentsinfo.CreateStudentDataDrivenTest.createMultipleStudents(CreateStudentDataDrivenTest.java:76)

Junit.studentsinfo.CreateStudentDataDrivenTest.createMultipleStudents[78]  Time elapsed: 1.155 s  <<< ERROR!
java.net.ConnectException: Connection refused: connect
	at Junit.studentsinfo.CreateStudentDataDrivenTest.createMultipleStudents(CreateStudentDataDrivenTest.java:76)

Junit.studentsinfo.CreateStudentDataDrivenTest.createMultipleStudents[81]  Time elapsed: 1.155 s  <<< ERROR!
java.net.ConnectException: Connection refused: connect
	at Junit.studentsinfo.CreateStudentDataDrivenTest.createMultipleStudents(CreateStudentDataDrivenTest.java:76)

Junit.studentsinfo.CreateStudentDataDrivenTest.createMultipleStudents[80]  Time elapsed: 1.157 s  <<< ERROR!
java.net.ConnectException: Connection refused: connect
	at Junit.studentsinfo.CreateStudentDataDrivenTest.createMultipleStudents(CreateStudentDataDrivenTest.java:76)

Junit.studentsinfo.CreateStudentDataDrivenTest.createMultipleStudents[84]  Time elapsed: 1.935 s  <<< ERROR!
java.net.ConnectException: Connection refused: connect
	at Junit.studentsinfo.CreateStudentDataDrivenTest.createMultipleStudents(CreateStudentDataDrivenTest.java:76)

Junit.studentsinfo.CreateStudentDataDrivenTest.createMultipleStudents[86]  Time elapsed: 1.948 s  <<< ERROR!
java.net.ConnectException: Connection refused: connect
	at Junit.studentsinfo.CreateStudentDataDrivenTest.createMultipleStudents(CreateStudentDataDrivenTest.java:76)

Junit.studentsinfo.CreateStudentDataDrivenTest.createMultipleStudents[82]  Time elapsed: 2.74 s  <<< ERROR!
java.net.ConnectException: Connection refused: connect
	at Junit.studentsinfo.CreateStudentDataDrivenTest.createMultipleStudents(CreateStudentDataDrivenTest.java:76)

Junit.studentsinfo.CreateStudentDataDrivenTest.createMultipleStudents[83]  Time elapsed: 1.153 s  <<< ERROR!
java.net.ConnectException: Connection refused: connect
	at Junit.studentsinfo.CreateStudentDataDrivenTest.createMultipleStudents(CreateStudentDataDrivenTest.java:76)

Junit.studentsinfo.CreateStudentDataDrivenTest.createMultipleStudents[88]  Time elapsed: 1.188 s  <<< ERROR!
java.net.ConnectException: Connection refused: connect
	at Junit.studentsinfo.CreateStudentDataDrivenTest.createMultipleStudents(CreateStudentDataDrivenTest.java:76)

Junit.studentsinfo.CreateStudentDataDrivenTest.createMultipleStudents[87]  Time elapsed: 1.956 s  <<< ERROR!
java.net.ConnectException: Connection refused: connect
	at Junit.studentsinfo.CreateStudentDataDrivenTest.createMultipleStudents(CreateStudentDataDrivenTest.java:76)

Junit.studentsinfo.CreateStudentDataDrivenTest.createMultipleStudents[85]  Time elapsed: 1.957 s  <<< ERROR!
java.net.ConnectException: Connection refused: connect
	at Junit.studentsinfo.CreateStudentDataDrivenTest.createMultipleStudents(CreateStudentDataDrivenTest.java:76)

Junit.studentsinfo.CreateStudentDataDrivenTest.createMultipleStudents[92]  Time elapsed: 3.883 s  <<< ERROR!
java.net.ConnectException: Connection refused: connect
	at Junit.studentsinfo.CreateStudentDataDrivenTest.createMultipleStudents(CreateStudentDataDrivenTest.java:76)

Junit.studentsinfo.CreateStudentDataDrivenTest.createMultipleStudents[95]  Time elapsed: 1.172 s  <<< ERROR!
java.net.ConnectException: Connection refused: connect
	at Junit.studentsinfo.CreateStudentDataDrivenTest.createMultipleStudents(CreateStudentDataDrivenTest.java:76)

Junit.studentsinfo.CreateStudentDataDrivenTest.createMultipleStudents[91]  Time elapsed: 1.957 s  <<< ERROR!
java.net.ConnectException: Connection refused: connect
	at Junit.studentsinfo.CreateStudentDataDrivenTest.createMultipleStudents(CreateStudentDataDrivenTest.java:76)

Junit.studentsinfo.CreateStudentDataDrivenTest.createMultipleStudents[89]  Time elapsed: 1.957 s  <<< ERROR!
java.net.ConnectException: Connection refused: connect
	at Junit.studentsinfo.CreateStudentDataDrivenTest.createMultipleStudents(CreateStudentDataDrivenTest.java:76)

Junit.studentsinfo.CreateStudentDataDrivenTest.createMultipleStudents[99]  Time elapsed: 1.988 s  <<< ERROR!
java.net.ConnectException: Connection refused: connect
	at Junit.studentsinfo.CreateStudentDataDrivenTest.createMultipleStudents(CreateStudentDataDrivenTest.java:76)

Junit.studentsinfo.CreateStudentDataDrivenTest.createMultipleStudents[93]  Time elapsed: 3.266 s  <<< ERROR!
java.net.ConnectException: Connection refused: connect
	at Junit.studentsinfo.CreateStudentDataDrivenTest.createMultipleStudents(CreateStudentDataDrivenTest.java:76)

Junit.studentsinfo.CreateStudentDataDrivenTest.createMultipleStudents[98]  Time elapsed: 4.031 s  <<< ERROR!
java.net.ConnectException: Connection refused: connect
	at Junit.studentsinfo.CreateStudentDataDrivenTest.createMultipleStudents(CreateStudentDataDrivenTest.java:76)

Junit.studentsinfo.CreateStudentDataDrivenTest.createMultipleStudents[94]  Time elapsed: 5.193 s  <<< ERROR!
java.net.ConnectException: Connection refused: connect
	at Junit.studentsinfo.CreateStudentDataDrivenTest.createMultipleStudents(CreateStudentDataDrivenTest.java:76)

Junit.studentsinfo.CreateStudentDataDrivenTest.createMultipleStudents[90]  Time elapsed: 5.978 s  <<< ERROR!
java.net.ConnectException: Connection refused: connect
	at Junit.studentsinfo.CreateStudentDataDrivenTest.createMultipleStudents(CreateStudentDataDrivenTest.java:76)

Junit.studentsinfo.CreateStudentDataDrivenTest.createMultipleStudents[96]  Time elapsed: 5.991 s  <<< ERROR!
java.net.ConnectException: Connection refused: connect
	at Junit.studentsinfo.CreateStudentDataDrivenTest.createMultipleStudents(CreateStudentDataDrivenTest.java:76)

Junit.studentsinfo.CreateStudentDataDrivenTest.createMultipleStudents[97]  Time elapsed: 7.144 s  <<< ERROR!
java.net.ConnectException: Connection refused: connect
	at Junit.studentsinfo.CreateStudentDataDrivenTest.createMultipleStudents(CreateStudentDataDrivenTest.java:76)

