<?xml version="1.0" encoding="UTF-8"?>
<testsuite xmlns:xsi="http://www.w3.org/2001/XMLSchema-instance" xsi:noNamespaceSchemaLocation="https://maven.apache.org/surefire/maven-surefire-plugin/xsd/surefire-test-report-3.0.xsd" version="3.0" name="Junit.studentsinfo.studentCrudTest" time="21.04" tests="4" errors="4" skipped="0" failures="0">
  <properties>
[...]
</properties>
  <testcase name="test001" classname="Junit.studentsinfo.studentCrudTest" time="4.964">
    <error message="Connection refused: connect" type="java.net.ConnectException"><![CDATA[java.net.ConnectException: Connection refused: connect
	at Junit.studentsinfo.studentCrudTest.test001(studentCrudTest.java:49)
]]></error>
    <system-err><![CDATA[147643 [main] INFO  - Test Suite Started: Student crud test
148530 [main] INFO  - 
 _____ _____ ____ _____   ____ _____  _    ____ _____ _____ ____  
|_   _| ____/ ___|_   _| / ___|_   _|/ \  |  _ \_   _| ____|  _ \ 
  | | |  _| \___ \ | |   \___ \ | | / _ \ | |_) || | |  _| | | | |
  | | | |___ ___) || |    ___) || |/ ___ \|  _ < | | | |___| |_| |
  |_| |_____|____/ |_|   |____/ |_/_/   \_\_| \_\|_| |_____|____/ 

test001
-------------------------------------------------------------------
]]></system-err>
  </testcase>
  <testcase name="test002" classname="Junit.studentsinfo.studentCrudTest" time="5.707">
    <error message="Connection refused: connect" type="java.net.ConnectException"><![CDATA[java.net.ConnectException: Connection refused: connect
	at Junit.studentsinfo.studentCrudTest.test002(studentCrudTest.java:60)
]]></error>
    <system-out><![CDATA[the value is Mock for HashMap, hashCode: 1716421772
]]></system-out>
    <system-err><![CDATA[152652 [main] ERROR  - 
         __  _____ _____ ____ _____   _____ ____  ____   ___  ____  
 _      / / |_   _| ____/ ___|_   _| | ____|  _ \|  _ \ / _ \|  _ \ 
(_)____| |    | | |  _| \___ \ | |   |  _| | |_) | |_) | | | | |_) |
 |_____| |    | | | |___ ___) || |   | |___|  _ <|  _ <| |_| |  _ < 
(_)    | |    |_| |_____|____/ |_|   |_____|_| \_\_| \_\\___/|_| \_\
        \_\                                                         

This test will create new student
---------------------------------------------------------------------
152652 [main] ERROR  -     Test failed at step: POST
152652 [main] ERROR  -     Some exception during recording fields
153805 [main] INFO  - 
 _____ _____ ____ _____   ____ _____  _    ____ _____ _____ ____  
|_   _| ____/ ___|_   _| / ___|_   _|/ \  |  _ \_   _| ____|  _ \ 
  | | |  _| \___ \ | |   \___ \ | | / _ \ | |_) || | |  _| | | | |
  | | | |___ ___) || |    ___) || |/ ___ \|  _ < | | | |___| |_| |
  |_| |_____|____/ |_|   |____/ |_/_/   \_\_| \_\|_| |_____|____/ 

test002
-------------------------------------------------------------------
]]></system-err>
  </testcase>
  <testcase name="test003" classname="Junit.studentsinfo.studentCrudTest" time="4.888">
    <error message="Connection refused: connect" type="java.net.ConnectException"><![CDATA[java.net.ConnectException: Connection refused: connect
	at Junit.studentsinfo.studentCrudTest.test003(studentCrudTest.java:76)
]]></error>
    <system-out><![CDATA[Request method:	PUT
Request URI:	http://localhost:8085/student/0
Proxy:			<none>
Request params:	<none>
Query params:	<none>
Form params:	<none>
Path params:	<none>
Multiparts:		<none>
Headers:		Accept=*/*
				Content-Type=application/json; charset=UTF-8
Cookies:		<none>
Body:
{
    "id": 0,
    "firstName": "26062Smokeuser1_updated",
    "lastName": "34377Smokeuser1",
    "email": "49801xyz1@email.com",
    "programme": "87166ComputerScience1",
    "courses": [
        "Java",
        "C++"
    ]
}
the value is Mock for HashMap, hashCode: 866699721
]]></system-out>
    <system-err><![CDATA[158368 [main] ERROR  - 
         __  _____ _____ ____ _____   _____ ____  ____   ___  ____  
 _      / / |_   _| ____/ ___|_   _| | ____|  _ \|  _ \ / _ \|  _ \ 
(_)____| |    | | |  _| \___ \ | |   |  _| | |_) | |_) | | | | |_) |
 |_____| |    | | | |___ ___) || |   | |___|  _ <|  _ <| |_| |  _ < 
(_)    | |    |_| |_____|____/ |_|   |_____|_| \_\_| \_\\___/|_| \_\
        \_\                                                         

Verify if the student is added to the application
---------------------------------------------------------------------
158368 [main] ERROR  -     Test failed at step: GET
158368 [main] ERROR  -     
159183 [main] INFO  - 
 _____ _____ ____ _____   ____ _____  _    ____ _____ _____ ____  
|_   _| ____/ ___|_   _| / ___|_   _|/ \  |  _ \_   _| ____|  _ \ 
  | | |  _| \___ \ | |   \___ \ | | / _ \ | |_) || | |  _| | | | |
  | | | |___ ___) || |    ___) || |/ ___ \|  _ < | | | |___| |_| |
  |_| |_____|____/ |_|   |____/ |_/_/   \_\_| \_\|_| |_____|____/ 

test003
-------------------------------------------------------------------
]]></system-err>
  </testcase>
  <testcase name="test004" classname="Junit.studentsinfo.studentCrudTest" time="5.301">
    <error message="Connection refused: connect" type="java.net.ConnectException"><![CDATA[java.net.ConnectException: Connection refused: connect
	at Junit.studentsinfo.studentCrudTest.test004(studentCrudTest.java:87)
]]></error>
    <system-err><![CDATA[163274 [main] ERROR  - 
         __  _____ _____ ____ _____   _____ ____  ____   ___  ____  
 _      / / |_   _| ____/ ___|_   _| | ____|  _ \|  _ \ / _ \|  _ \ 
(_)____| |    | | |  _| \___ \ | |   |  _| | |_) | |_) | | | | |_) |
 |_____| |    | | | |___ ___) || |   | |___|  _ <|  _ <| |_| |  _ < 
(_)    | |    |_| |_____|____/ |_|   |_____|_| \_\_| \_\\___/|_| \_\
        \_\                                                         

Update the user's info and verify the update information
---------------------------------------------------------------------
163274 [main] ERROR  -     Test failed at step: PUT
163274 [main] ERROR  -     Some exception during recording fields
164423 [main] INFO  - 
 _____ _____ ____ _____   ____ _____  _    ____ _____ _____ ____  
|_   _| ____/ ___|_   _| / ___|_   _|/ \  |  _ \_   _| ____|  _ \ 
  | | |  _| \___ \ | |   \___ \ | | / _ \ | |_) || | |  _| | | | |
  | | | |___ ___) || |    ___) || |/ ___ \|  _ < | | | |___| |_| |
  |_| |_____|____/ |_|   |____/ |_/_/   \_\_| \_\|_| |_____|____/ 

test004
-------------------------------------------------------------------
]]></system-err>
  </testcase>
</testsuite>