<?xml version="1.0" encoding="UTF-8"?>
<testsuite xmlns:xsi="http://www.w3.org/2001/XMLSchema-instance" xsi:noNamespaceSchemaLocation="https://maven.apache.org/surefire/maven-surefire-plugin/xsd/surefire-test-report-3.0.xsd" version="3.0" name="Junit.studentsinfo.CreateStudentDataDrivenTest" time="127.306" tests="100" errors="100" skipped="0" failures="0">
  <properties>
[...]
</properties>
  <testcase name="createMultipleStudents[13]" classname="Junit.studentsinfo.CreateStudentDataDrivenTest" time="6.214">
    <error message="Connection refused: connect" type="java.net.ConnectException"><![CDATA[java.net.ConnectException: Connection refused: connect
	at Junit.studentsinfo.CreateStudentDataDrivenTest.createMultipleStudents(CreateStudentDataDrivenTest.java:76)
]]></error>
    <system-err><![CDATA[3871 [CreateStudentDataDrivenTest-1-thread-13] INFO  - 

-------------------------------------------------------------------------------------
     _______. _______ .______       _______ .__   __.  __  .___________.____    ____ 
    /       ||   ____||   _  \     |   ____||  \ |  | |  | |           |\   \  /   / 
   |   (----`|  |__   |  |_)  |    |  |__   |   \|  | |  | `---|  |----` \   \/   /  
    \   \    |   __|  |      /     |   __|  |  . `  | |  |     |  |       \_    _/   
.----)   |   |  |____ |  |\  \----.|  |____ |  |\   | |  |     |  |         |  |     
|_______/    |_______|| _| `._____||_______||__| \__| |__|     |__|         |__|    
                                                                                     
 News and tutorials at http://www.serenity-bdd.info                                  
 Documentation at https://wakaleo.gitbooks.io/the-serenity-book/content/             
 Join the Serenity Community on Gitter: https://gitter.im/serenity-bdd/serenity-core 
 Serenity BDD Support and Training at http://serenity-bdd.info/#/trainingandsupport  
-------------------------------------------------------------------------------------

5038 [CreateStudentDataDrivenTest-1-thread-5] INFO  - Test Suite Started: Create student data driven test
6865 [CreateStudentDataDrivenTest-1-thread-5] INFO  - 
 _____ _____ ____ _____   ____ _____  _    ____ _____ _____ ____  
|_   _| ____/ ___|_   _| / ___|_   _|/ \  |  _ \_   _| ____|  _ \ 
  | | |  _| \___ \ | |   \___ \ | | / _ \ | |_) || | |  _| | | | |
  | | | |___ ___) || |    ___) || |/ ___ \|  _ < | | | |___| |_| |
  |_| |_____|____/ |_|   |____/ |_/_/   \_\_| \_\|_| |_____|____/ 

createMultipleStudents[4]
-------------------------------------------------------------------
6904 [CreateStudentDataDrivenTest-1-thread-14] INFO  - Test Suite Started: Create student data driven test
10039 [CreateStudentDataDrivenTest-1-thread-14] INFO  - 
 _____ _____ ____ _____   ____ _____  _    ____ _____ _____ ____  
|_   _| ____/ ___|_   _| / ___|_   _|/ \  |  _ \_   _| ____|  _ \ 
  | | |  _| \___ \ | |   \___ \ | | / _ \ | |_) || | |  _| | | | |
  | | | |___ ___) || |    ___) || |/ ___ \|  _ < | | | |___| |_| |
  |_| |_____|____/ |_|   |____/ |_/_/   \_\_| \_\|_| |_____|____/ 

createMultipleStudents[13]
-------------------------------------------------------------------
10050 [CreateStudentDataDrivenTest-1-thread-6] INFO  - Test Suite Started: Create student data driven test
12251 [CreateStudentDataDrivenTest-1-thread-6] INFO  - 
 _____ _____ ____ _____   ____ _____  _    ____ _____ _____ ____  
|_   _| ____/ ___|_   _| / ___|_   _|/ \  |  _ \_   _| ____|  _ \ 
  | | |  _| \___ \ | |   \___ \ | | / _ \ | |_) || | |  _| | | | |
  | | | |___ ___) || |    ___) || |/ ___ \|  _ < | | | |___| |_| |
  |_| |_____|____/ |_|   |____/ |_/_/   \_\_| \_\|_| |_____|____/ 

createMultipleStudents[5]
-------------------------------------------------------------------
12257 [CreateStudentDataDrivenTest-1-thread-13] INFO  - Test Suite Started: Create student data driven test
13831 [CreateStudentDataDrivenTest-1-thread-13] INFO  - 
 _____ _____ ____ _____   ____ _____  _    ____ _____ _____ ____  
|_   _| ____/ ___|_   _| / ___|_   _|/ \  |  _ \_   _| ____|  _ \ 
  | | |  _| \___ \ | |   \___ \ | | / _ \ | |_) || | |  _| | | | |
  | | | |___ ___) || |    ___) || |/ ___ \|  _ < | | | |___| |_| |
  |_| |_____|____/ |_|   |____/ |_/_/   \_\_| \_\|_| |_____|____/ 

createMultipleStudents[12]
-------------------------------------------------------------------
13840 [CreateStudentDataDrivenTest-1-thread-9] INFO  - Test Suite Started: Create student data driven test
15527 [CreateStudentDataDrivenTest-1-thread-9] INFO  - 
 _____ _____ ____ _____   ____ _____  _    ____ _____ _____ ____  
|_   _| ____/ ___|_   _| / ___|_   _|/ \  |  _ \_   _| ____|  _ \ 
  | | |  _| \___ \ | |   \___ \ | | / _ \ | |_) || | |  _| | | | |
  | | | |___ ___) || |    ___) || |/ ___ \|  _ < | | | |___| |_| |
  |_| |_____|____/ |_|   |____/ |_/_/   \_\_| \_\|_| |_____|____/ 

createMultipleStudents[8]
-------------------------------------------------------------------
15534 [CreateStudentDataDrivenTest-1-thread-4] INFO  - Test Suite Started: Create student data driven test
16598 [CreateStudentDataDrivenTest-1-thread-4] INFO  - 
 _____ _____ ____ _____   ____ _____  _    ____ _____ _____ ____  
|_   _| ____/ ___|_   _| / ___|_   _|/ \  |  _ \_   _| ____|  _ \ 
  | | |  _| \___ \ | |   \___ \ | | / _ \ | |_) || | |  _| | | | |
  | | | |___ ___) || |    ___) || |/ ___ \|  _ < | | | |___| |_| |
  |_| |_____|____/ |_|   |____/ |_/_/   \_\_| \_\|_| |_____|____/ 

createMultipleStudents[3]
-------------------------------------------------------------------
16600 [CreateStudentDataDrivenTest-1-thread-16] INFO  - Test Suite Started: Create student data driven test
17903 [CreateStudentDataDrivenTest-1-thread-16] INFO  - 
 _____ _____ ____ _____   ____ _____  _    ____ _____ _____ ____  
|_   _| ____/ ___|_   _| / ___|_   _|/ \  |  _ \_   _| ____|  _ \ 
  | | |  _| \___ \ | |   \___ \ | | / _ \ | |_) || | |  _| | | | |
  | | | |___ ___) || |    ___) || |/ ___ \|  _ < | | | |___| |_| |
  |_| |_____|____/ |_|   |____/ |_/_/   \_\_| \_\|_| |_____|____/ 

createMultipleStudents[15]
-------------------------------------------------------------------
17906 [CreateStudentDataDrivenTest-1-thread-12] INFO  - Test Suite Started: Create student data driven test
18704 [CreateStudentDataDrivenTest-1-thread-12] INFO  - 
 _____ _____ ____ _____   ____ _____  _    ____ _____ _____ ____  
|_   _| ____/ ___|_   _| / ___|_   _|/ \  |  _ \_   _| ____|  _ \ 
  | | |  _| \___ \ | |   \___ \ | | / _ \ | |_) || | |  _| | | | |
  | | | |___ ___) || |    ___) || |/ ___ \|  _ < | | | |___| |_| |
  |_| |_____|____/ |_|   |____/ |_/_/   \_\_| \_\|_| |_____|____/ 

createMultipleStudents[11]
-------------------------------------------------------------------
18706 [CreateStudentDataDrivenTest-1-thread-8] INFO  - Test Suite Started: Create student data driven test
19880 [CreateStudentDataDrivenTest-1-thread-8] INFO  - 
 _____ _____ ____ _____   ____ _____  _    ____ _____ _____ ____  
|_   _| ____/ ___|_   _| / ___|_   _|/ \  |  _ \_   _| ____|  _ \ 
  | | |  _| \___ \ | |   \___ \ | | / _ \ | |_) || | |  _| | | | |
  | | | |___ ___) || |    ___) || |/ ___ \|  _ < | | | |___| |_| |
  |_| |_____|____/ |_|   |____/ |_/_/   \_\_| \_\|_| |_____|____/ 

createMultipleStudents[7]
-------------------------------------------------------------------
19883 [CreateStudentDataDrivenTest-1-thread-1] INFO  - Test Suite Started: Create student data driven test
20733 [CreateStudentDataDrivenTest-1-thread-1] INFO  - 
 _____ _____ ____ _____   ____ _____  _    ____ _____ _____ ____  
|_   _| ____/ ___|_   _| / ___|_   _|/ \  |  _ \_   _| ____|  _ \ 
  | | |  _| \___ \ | |   \___ \ | | / _ \ | |_) || | |  _| | | | |
  | | | |___ ___) || |    ___) || |/ ___ \|  _ < | | | |___| |_| |
  |_| |_____|____/ |_|   |____/ |_/_/   \_\_| \_\|_| |_____|____/ 

createMultipleStudents[0]
-------------------------------------------------------------------
20734 [CreateStudentDataDrivenTest-1-thread-11] INFO  - Test Suite Started: Create student data driven test
21912 [CreateStudentDataDrivenTest-1-thread-11] INFO  - 
 _____ _____ ____ _____   ____ _____  _    ____ _____ _____ ____  
|_   _| ____/ ___|_   _| / ___|_   _|/ \  |  _ \_   _| ____|  _ \ 
  | | |  _| \___ \ | |   \___ \ | | / _ \ | |_) || | |  _| | | | |
  | | | |___ ___) || |    ___) || |/ ___ \|  _ < | | | |___| |_| |
  |_| |_____|____/ |_|   |____/ |_/_/   \_\_| \_\|_| |_____|____/ 

createMultipleStudents[10]
-------------------------------------------------------------------
21916 [CreateStudentDataDrivenTest-1-thread-3] INFO  - Test Suite Started: Create student data driven test
22728 [CreateStudentDataDrivenTest-1-thread-3] INFO  - 
 _____ _____ ____ _____   ____ _____  _    ____ _____ _____ ____  
|_   _| ____/ ___|_   _| / ___|_   _|/ \  |  _ \_   _| ____|  _ \ 
  | | |  _| \___ \ | |   \___ \ | | / _ \ | |_) || | |  _| | | | |
  | | | |___ ___) || |    ___) || |/ ___ \|  _ < | | | |___| |_| |
  |_| |_____|____/ |_|   |____/ |_/_/   \_\_| \_\|_| |_____|____/ 

createMultipleStudents[2]
-------------------------------------------------------------------
22734 [CreateStudentDataDrivenTest-1-thread-10] INFO  - Test Suite Started: Create student data driven test
23948 [CreateStudentDataDrivenTest-1-thread-10] INFO  - 
 _____ _____ ____ _____   ____ _____  _    ____ _____ _____ ____  
|_   _| ____/ ___|_   _| / ___|_   _|/ \  |  _ \_   _| ____|  _ \ 
  | | |  _| \___ \ | |   \___ \ | | / _ \ | |_) || | |  _| | | | |
  | | | |___ ___) || |    ___) || |/ ___ \|  _ < | | | |___| |_| |
  |_| |_____|____/ |_|   |____/ |_/_/   \_\_| \_\|_| |_____|____/ 

createMultipleStudents[9]
-------------------------------------------------------------------
23957 [CreateStudentDataDrivenTest-1-thread-15] INFO  - Test Suite Started: Create student data driven test
24787 [CreateStudentDataDrivenTest-1-thread-15] INFO  - 
 _____ _____ ____ _____   ____ _____  _    ____ _____ _____ ____  
|_   _| ____/ ___|_   _| / ___|_   _|/ \  |  _ \_   _| ____|  _ \ 
  | | |  _| \___ \ | |   \___ \ | | / _ \ | |_) || | |  _| | | | |
  | | | |___ ___) || |    ___) || |/ ___ \|  _ < | | | |___| |_| |
  |_| |_____|____/ |_|   |____/ |_/_/   \_\_| \_\|_| |_____|____/ 

createMultipleStudents[14]
-------------------------------------------------------------------
24790 [CreateStudentDataDrivenTest-1-thread-2] INFO  - Test Suite Started: Create student data driven test
26027 [CreateStudentDataDrivenTest-1-thread-2] INFO  - 
 _____ _____ ____ _____   ____ _____  _    ____ _____ _____ ____  
|_   _| ____/ ___|_   _| / ___|_   _|/ \  |  _ \_   _| ____|  _ \ 
  | | |  _| \___ \ | |   \___ \ | | / _ \ | |_) || | |  _| | | | |
  | | | |___ ___) || |    ___) || |/ ___ \|  _ < | | | |___| |_| |
  |_| |_____|____/ |_|   |____/ |_/_/   \_\_| \_\|_| |_____|____/ 

createMultipleStudents[1]
-------------------------------------------------------------------
]]></system-err>
  </testcase>
  <testcase name="createMultipleStudents[4]" classname="Junit.studentsinfo.CreateStudentDataDrivenTest" time="7.305">
    <error message="Connection refused: connect" type="java.net.ConnectException"><![CDATA[java.net.ConnectException: Connection refused: connect
	at Junit.studentsinfo.CreateStudentDataDrivenTest.createMultipleStudents(CreateStudentDataDrivenTest.java:76)
]]></error>
    <system-err><![CDATA[26998 [CreateStudentDataDrivenTest-1-thread-14] ERROR  - 
         __  _____ _____ ____ _____   _____ ____  ____   ___  ____  
 _      / / |_   _| ____/ ___|_   _| | ____|  _ \|  _ \ / _ \|  _ \ 
(_)____| |    | | |  _| \___ \ | |   |  _| | |_) | |_) | | | | |_) |
 |_____| |    | | | |___ ___) || |   | |___|  _ <|  _ <| |_| |  _ < 
(_)    | |    |_| |_____|____/ |_|   |_____|_| \_\_| \_\\___/|_| \_\
        \_\                                                         

DataDriven Test For adding multiple students to the Student App
---------------------------------------------------------------------
27186 [CreateStudentDataDrivenTest-1-thread-14] ERROR  -     Test failed at step: POST
27187 [CreateStudentDataDrivenTest-1-thread-14] ERROR  -     Some exception during recording fields
]]></system-err>
  </testcase>
  <testcase name="createMultipleStudents[3]" classname="Junit.studentsinfo.CreateStudentDataDrivenTest" time="8.703">
    <error message="Connection refused: connect" type="java.net.ConnectException"><![CDATA[java.net.ConnectException: Connection refused: connect
	at Junit.studentsinfo.CreateStudentDataDrivenTest.createMultipleStudents(CreateStudentDataDrivenTest.java:76)
]]></error>
    <system-err><![CDATA[27197 [CreateStudentDataDrivenTest-1-thread-5] ERROR  - 
         __  _____ _____ ____ _____   _____ ____  ____   ___  ____  
 _      / / |_   _| ____/ ___|_   _| | ____|  _ \|  _ \ / _ \|  _ \ 
(_)____| |    | | |  _| \___ \ | |   |  _| | |_) | |_) | | | | |_) |
 |_____| |    | | | |___ ___) || |   | |___|  _ <|  _ <| |_| |  _ < 
(_)    | |    |_| |_____|____/ |_|   |_____|_| \_\_| \_\\___/|_| \_\
        \_\                                                         

DataDriven Test For adding multiple students to the Student App
---------------------------------------------------------------------
27198 [CreateStudentDataDrivenTest-1-thread-5] ERROR  -     Test failed at step: POST
27198 [CreateStudentDataDrivenTest-1-thread-5] ERROR  -     Some exception during recording fields
27203 [CreateStudentDataDrivenTest-1-thread-7] INFO  - Test Suite Started: Create student data driven test
28586 [CreateStudentDataDrivenTest-1-thread-7] INFO  - 
 _____ _____ ____ _____   ____ _____  _    ____ _____ _____ ____  
|_   _| ____/ ___|_   _| / ___|_   _|/ \  |  _ \_   _| ____|  _ \ 
  | | |  _| \___ \ | |   \___ \ | | / _ \ | |_) || | |  _| | | | |
  | | | |___ ___) || |    ___) || |/ ___ \|  _ < | | | |___| |_| |
  |_| |_____|____/ |_|   |____/ |_/_/   \_\_| \_\|_| |_____|____/ 

createMultipleStudents[6]
-------------------------------------------------------------------
]]></system-err>
  </testcase>
  <testcase name="createMultipleStudents[11]" classname="Junit.studentsinfo.CreateStudentDataDrivenTest" time="8.706">
    <error message="Connection refused: connect" type="java.net.ConnectException"><![CDATA[java.net.ConnectException: Connection refused: connect
	at Junit.studentsinfo.CreateStudentDataDrivenTest.createMultipleStudents(CreateStudentDataDrivenTest.java:76)
]]></error>
  </testcase>
  <testcase name="createMultipleStudents[15]" classname="Junit.studentsinfo.CreateStudentDataDrivenTest" time="8.72">
    <error message="Connection refused: connect" type="java.net.ConnectException"><![CDATA[java.net.ConnectException: Connection refused: connect
	at Junit.studentsinfo.CreateStudentDataDrivenTest.createMultipleStudents(CreateStudentDataDrivenTest.java:76)
]]></error>
    <system-err><![CDATA[28598 [CreateStudentDataDrivenTest-1-thread-12] ERROR  - 
         __  _____ _____ ____ _____   _____ ____  ____   ___  ____  
 _      / / |_   _| ____/ ___|_   _| | ____|  _ \|  _ \ / _ \|  _ \ 
(_)____| |    | | |  _| \___ \ | |   |  _| | |_) | |_) | | | | |_) |
 |_____| |    | | | |___ ___) || |   | |___|  _ <|  _ <| |_| |  _ < 
(_)    | |    |_| |_____|____/ |_|   |_____|_| \_\_| \_\\___/|_| \_\
        \_\                                                         

DataDriven Test For adding multiple students to the Student App
---------------------------------------------------------------------
28599 [CreateStudentDataDrivenTest-1-thread-12] ERROR  -     Test failed at step: POST
28600 [CreateStudentDataDrivenTest-1-thread-12] ERROR  -     Some exception during recording fields
]]></system-err>
  </testcase>
  <testcase name="createMultipleStudents[12]" classname="Junit.studentsinfo.CreateStudentDataDrivenTest" time="1.193">
    <error message="Connection refused: connect" type="java.net.ConnectException"><![CDATA[java.net.ConnectException: Connection refused: connect
	at Junit.studentsinfo.CreateStudentDataDrivenTest.createMultipleStudents(CreateStudentDataDrivenTest.java:76)
]]></error>
    <system-err><![CDATA[28615 [CreateStudentDataDrivenTest-1-thread-12] INFO  - Test Suite Started: Create student data driven test
29494 [CreateStudentDataDrivenTest-1-thread-12] INFO  - 
 _____ _____ ____ _____   ____ _____  _    ____ _____ _____ ____  
|_   _| ____/ ___|_   _| / ___|_   _|/ \  |  _ \_   _| ____|  _ \ 
  | | |  _| \___ \ | |   \___ \ | | / _ \ | |_) || | |  _| | | | |
  | | | |___ ___) || |    ___) || |/ ___ \|  _ < | | | |___| |_| |
  |_| |_____|____/ |_|   |____/ |_/_/   \_\_| \_\|_| |_____|____/ 

createMultipleStudents[17]
-------------------------------------------------------------------
29497 [CreateStudentDataDrivenTest-1-thread-16] ERROR  - 
         __  _____ _____ ____ _____   _____ ____  ____   ___  ____  
 _      / / |_   _| ____/ ___|_   _| | ____|  _ \|  _ \ / _ \|  _ \ 
(_)____| |    | | |  _| \___ \ | |   |  _| | |_) | |_) | | | | |_) |
 |_____| |    | | | |___ ___) || |   | |___|  _ <|  _ <| |_| |  _ < 
(_)    | |    |_| |_____|____/ |_|   |_____|_| \_\_| \_\\___/|_| \_\
        \_\                                                         

DataDriven Test For adding multiple students to the Student App
---------------------------------------------------------------------
29498 [CreateStudentDataDrivenTest-1-thread-16] ERROR  -     Test failed at step: POST
29498 [CreateStudentDataDrivenTest-1-thread-16] ERROR  -     Some exception during recording fields
29501 [CreateStudentDataDrivenTest-1-thread-4] ERROR  - 
         __  _____ _____ ____ _____   _____ ____  ____   ___  ____  
 _      / / |_   _| ____/ ___|_   _| | ____|  _ \|  _ \ / _ \|  _ \ 
(_)____| |    | | |  _| \___ \ | |   |  _| | |_) | |_) | | | | |_) |
 |_____| |    | | | |___ ___) || |   | |___|  _ <|  _ <| |_| |  _ < 
(_)    | |    |_| |_____|____/ |_|   |_____|_| \_\_| \_\\___/|_| \_\
        \_\                                                         

DataDriven Test For adding multiple students to the Student App
---------------------------------------------------------------------
29501 [CreateStudentDataDrivenTest-1-thread-4] ERROR  -     Test failed at step: POST
29501 [CreateStudentDataDrivenTest-1-thread-4] ERROR  -     Some exception during recording fields
29508 [CreateStudentDataDrivenTest-1-thread-4] INFO  - Test Suite Started: Create student data driven test
30746 [CreateStudentDataDrivenTest-1-thread-4] INFO  - 
 _____ _____ ____ _____   ____ _____  _    ____ _____ _____ ____  
|_   _| ____/ ___|_   _| / ___|_   _|/ \  |  _ \_   _| ____|  _ \ 
  | | |  _| \___ \ | |   \___ \ | | / _ \ | |_) || | |  _| | | | |
  | | | |___ ___) || |    ___) || |/ ___ \|  _ < | | | |___| |_| |
  |_| |_____|____/ |_|   |____/ |_/_/   \_\_| \_\|_| |_____|____/ 

createMultipleStudents[19]
-------------------------------------------------------------------
]]></system-err>
  </testcase>
  <testcase name="createMultipleStudents[5]" classname="Junit.studentsinfo.CreateStudentDataDrivenTest" time="1.23">
    <error message="Connection refused: connect" type="java.net.ConnectException"><![CDATA[java.net.ConnectException: Connection refused: connect
	at Junit.studentsinfo.CreateStudentDataDrivenTest.createMultipleStudents(CreateStudentDataDrivenTest.java:76)
]]></error>
    <system-err><![CDATA[30754 [CreateStudentDataDrivenTest-1-thread-13] ERROR  - 
         __  _____ _____ ____ _____   _____ ____  ____   ___  ____  
 _      / / |_   _| ____/ ___|_   _| | ____|  _ \|  _ \ / _ \|  _ \ 
(_)____| |    | | |  _| \___ \ | |   |  _| | |_) | |_) | | | | |_) |
 |_____| |    | | | |___ ___) || |   | |___|  _ <|  _ <| |_| |  _ < 
(_)    | |    |_| |_____|____/ |_|   |_____|_| \_\_| \_\\___/|_| \_\
        \_\                                                         

DataDriven Test For adding multiple students to the Student App
---------------------------------------------------------------------
30754 [CreateStudentDataDrivenTest-1-thread-13] ERROR  -     Test failed at step: POST
30755 [CreateStudentDataDrivenTest-1-thread-13] ERROR  -     Some exception during recording fields
]]></system-err>
  </testcase>
  <testcase name="createMultipleStudents[8]" classname="Junit.studentsinfo.CreateStudentDataDrivenTest" time="1.23">
    <error message="Connection refused: connect" type="java.net.ConnectException"><![CDATA[java.net.ConnectException: Connection refused: connect
	at Junit.studentsinfo.CreateStudentDataDrivenTest.createMultipleStudents(CreateStudentDataDrivenTest.java:76)
]]></error>
  </testcase>
  <testcase name="createMultipleStudents[1]" classname="Junit.studentsinfo.CreateStudentDataDrivenTest" time="1.403">
    <error message="Connection refused: connect" type="java.net.ConnectException"><![CDATA[java.net.ConnectException: Connection refused: connect
	at Junit.studentsinfo.CreateStudentDataDrivenTest.createMultipleStudents(CreateStudentDataDrivenTest.java:76)
]]></error>
    <system-err><![CDATA[30775 [CreateStudentDataDrivenTest-1-thread-5] INFO  - Test Suite Started: Create student data driven test
31644 [CreateStudentDataDrivenTest-1-thread-5] INFO  - 
 _____ _____ ____ _____   ____ _____  _    ____ _____ _____ ____  
|_   _| ____/ ___|_   _| / ___|_   _|/ \  |  _ \_   _| ____|  _ \ 
  | | |  _| \___ \ | |   \___ \ | | / _ \ | |_) || | |  _| | | | |
  | | | |___ ___) || |    ___) || |/ ___ \|  _ < | | | |___| |_| |
  |_| |_____|____/ |_|   |____/ |_/_/   \_\_| \_\|_| |_____|____/ 

createMultipleStudents[16]
-------------------------------------------------------------------
31646 [CreateStudentDataDrivenTest-1-thread-9] ERROR  - 
         __  _____ _____ ____ _____   _____ ____  ____   ___  ____  
 _      / / |_   _| ____/ ___|_   _| | ____|  _ \|  _ \ / _ \|  _ \ 
(_)____| |    | | |  _| \___ \ | |   |  _| | |_) | |_) | | | | |_) |
 |_____| |    | | | |___ ___) || |   | |___|  _ <|  _ <| |_| |  _ < 
(_)    | |    |_| |_____|____/ |_|   |_____|_| \_\_| \_\\___/|_| \_\
        \_\                                                         

DataDriven Test For adding multiple students to the Student App
---------------------------------------------------------------------
31647 [CreateStudentDataDrivenTest-1-thread-9] ERROR  -     Test failed at step: POST
31647 [CreateStudentDataDrivenTest-1-thread-9] ERROR  -     Some exception during recording fields
31651 [CreateStudentDataDrivenTest-1-thread-6] ERROR  - 
         __  _____ _____ ____ _____   _____ ____  ____   ___  ____  
 _      / / |_   _| ____/ ___|_   _| | ____|  _ \|  _ \ / _ \|  _ \ 
(_)____| |    | | |  _| \___ \ | |   |  _| | |_) | |_) | | | | |_) |
 |_____| |    | | | |___ ___) || |   | |___|  _ <|  _ <| |_| |  _ < 
(_)    | |    |_| |_____|____/ |_|   |_____|_| \_\_| \_\\___/|_| \_\
        \_\                                                         

DataDriven Test For adding multiple students to the Student App
---------------------------------------------------------------------
31651 [CreateStudentDataDrivenTest-1-thread-6] ERROR  -     Test failed at step: POST
31652 [CreateStudentDataDrivenTest-1-thread-6] ERROR  -     Some exception during recording fields
31656 [CreateStudentDataDrivenTest-1-thread-13] INFO  - Test Suite Started: Create student data driven test
33061 [CreateStudentDataDrivenTest-1-thread-13] INFO  - 
 _____ _____ ____ _____   ____ _____  _    ____ _____ _____ ____  
|_   _| ____/ ___|_   _| / ___|_   _|/ \  |  _ \_   _| ____|  _ \ 
  | | |  _| \___ \ | |   \___ \ | | / _ \ | |_) || | |  _| | | | |
  | | | |___ ___) || |    ___) || |/ ___ \|  _ < | | | |___| |_| |
  |_| |_____|____/ |_|   |____/ |_/_/   \_\_| \_\|_| |_____|____/ 

createMultipleStudents[21]
-------------------------------------------------------------------
]]></system-err>
  </testcase>
  <testcase name="createMultipleStudents[0]" classname="Junit.studentsinfo.CreateStudentDataDrivenTest" time="1.403">
    <error message="Connection refused: connect" type="java.net.ConnectException"><![CDATA[java.net.ConnectException: Connection refused: connect
	at Junit.studentsinfo.CreateStudentDataDrivenTest.createMultipleStudents(CreateStudentDataDrivenTest.java:76)
]]></error>
  </testcase>
  <testcase name="createMultipleStudents[7]" classname="Junit.studentsinfo.CreateStudentDataDrivenTest" time="1.403">
    <error message="Connection refused: connect" type="java.net.ConnectException"><![CDATA[java.net.ConnectException: Connection refused: connect
	at Junit.studentsinfo.CreateStudentDataDrivenTest.createMultipleStudents(CreateStudentDataDrivenTest.java:76)
]]></error>
  </testcase>
  <testcase name="createMultipleStudents[14]" classname="Junit.studentsinfo.CreateStudentDataDrivenTest" time="1.307">
    <error message="Connection refused: connect" type="java.net.ConnectException"><![CDATA[java.net.ConnectException: Connection refused: connect
	at Junit.studentsinfo.CreateStudentDataDrivenTest.createMultipleStudents(CreateStudentDataDrivenTest.java:76)
]]></error>
    <system-err><![CDATA[33069 [CreateStudentDataDrivenTest-1-thread-8] ERROR  - 
         __  _____ _____ ____ _____   _____ ____  ____   ___  ____  
 _      / / |_   _| ____/ ___|_   _| | ____|  _ \|  _ \ / _ \|  _ \ 
(_)____| |    | | |  _| \___ \ | |   |  _| | |_) | |_) | | | | |_) |
 |_____| |    | | | |___ ___) || |   | |___|  _ <|  _ <| |_| |  _ < 
(_)    | |    |_| |_____|____/ |_|   |_____|_| \_\_| \_\\___/|_| \_\
        \_\                                                         

DataDriven Test For adding multiple students to the Student App
---------------------------------------------------------------------
33070 [CreateStudentDataDrivenTest-1-thread-8] ERROR  -     Test failed at step: POST
33070 [CreateStudentDataDrivenTest-1-thread-8] ERROR  -     Some exception during recording fields
33074 [CreateStudentDataDrivenTest-1-thread-16] INFO  - Test Suite Started: Create student data driven test
33883 [CreateStudentDataDrivenTest-1-thread-16] INFO  - 
 _____ _____ ____ _____   ____ _____  _    ____ _____ _____ ____  
|_   _| ____/ ___|_   _| / ___|_   _|/ \  |  _ \_   _| ____|  _ \ 
  | | |  _| \___ \ | |   \___ \ | | / _ \ | |_) || | |  _| | | | |
  | | | |___ ___) || |    ___) || |/ ___ \|  _ < | | | |___| |_| |
  |_| |_____|____/ |_|   |____/ |_/_/   \_\_| \_\|_| |_____|____/ 

createMultipleStudents[18]
-------------------------------------------------------------------
33885 [CreateStudentDataDrivenTest-1-thread-14] INFO  - Test Suite Started: Create student data driven test
35190 [CreateStudentDataDrivenTest-1-thread-14] INFO  - 
 _____ _____ ____ _____   ____ _____  _    ____ _____ _____ ____  
|_   _| ____/ ___|_   _| / ___|_   _|/ \  |  _ \_   _| ____|  _ \ 
  | | |  _| \___ \ | |   \___ \ | | / _ \ | |_) || | |  _| | | | |
  | | | |___ ___) || |    ___) || |/ ___ \|  _ < | | | |___| |_| |
  |_| |_____|____/ |_|   |____/ |_/_/   \_\_| \_\|_| |_____|____/ 

createMultipleStudents[20]
-------------------------------------------------------------------
]]></system-err>
  </testcase>
  <testcase name="createMultipleStudents[10]" classname="Junit.studentsinfo.CreateStudentDataDrivenTest" time="1.311">
    <error message="Connection refused: connect" type="java.net.ConnectException"><![CDATA[java.net.ConnectException: Connection refused: connect
	at Junit.studentsinfo.CreateStudentDataDrivenTest.createMultipleStudents(CreateStudentDataDrivenTest.java:76)
]]></error>
  </testcase>
  <testcase name="createMultipleStudents[19]" classname="Junit.studentsinfo.CreateStudentDataDrivenTest" time="1.409">
    <error message="Connection refused: connect" type="java.net.ConnectException"><![CDATA[java.net.ConnectException: Connection refused: connect
	at Junit.studentsinfo.CreateStudentDataDrivenTest.createMultipleStudents(CreateStudentDataDrivenTest.java:76)
]]></error>
    <system-err><![CDATA[35202 [CreateStudentDataDrivenTest-1-thread-11] ERROR  - 
         __  _____ _____ ____ _____   _____ ____  ____   ___  ____  
 _      / / |_   _| ____/ ___|_   _| | ____|  _ \|  _ \ / _ \|  _ \ 
(_)____| |    | | |  _| \___ \ | |   |  _| | |_) | |_) | | | | |_) |
 |_____| |    | | | |___ ___) || |   | |___|  _ <|  _ <| |_| |  _ < 
(_)    | |    |_| |_____|____/ |_|   |_____|_| \_\_| \_\\___/|_| \_\
        \_\                                                         

DataDriven Test For adding multiple students to the Student App
---------------------------------------------------------------------
35203 [CreateStudentDataDrivenTest-1-thread-11] ERROR  -     Test failed at step: POST
35203 [CreateStudentDataDrivenTest-1-thread-11] ERROR  -     Some exception during recording fields
35219 [CreateStudentDataDrivenTest-1-thread-15] ERROR  - 
         __  _____ _____ ____ _____   _____ ____  ____   ___  ____  
 _      / / |_   _| ____/ ___|_   _| | ____|  _ \|  _ \ / _ \|  _ \ 
(_)____| |    | | |  _| \___ \ | |   |  _| | |_) | |_) | | | | |_) |
 |_____| |    | | | |___ ___) || |   | |___|  _ <|  _ <| |_| |  _ < 
(_)    | |    |_| |_____|____/ |_|   |_____|_| \_\_| \_\\___/|_| \_\
        \_\                                                         

DataDriven Test For adding multiple students to the Student App
---------------------------------------------------------------------
35220 [CreateStudentDataDrivenTest-1-thread-15] ERROR  -     Test failed at step: POST
35220 [CreateStudentDataDrivenTest-1-thread-15] ERROR  -     Some exception during recording fields
]]></system-err>
  </testcase>
  <testcase name="createMultipleStudents[17]" classname="Junit.studentsinfo.CreateStudentDataDrivenTest" time="1.423">
    <error message="Connection refused: connect" type="java.net.ConnectException"><![CDATA[java.net.ConnectException: Connection refused: connect
	at Junit.studentsinfo.CreateStudentDataDrivenTest.createMultipleStudents(CreateStudentDataDrivenTest.java:76)
]]></error>
    <system-err><![CDATA[35230 [CreateStudentDataDrivenTest-1-thread-4] ERROR  - 
         __  _____ _____ ____ _____   _____ ____  ____   ___  ____  
 _      / / |_   _| ____/ ___|_   _| | ____|  _ \|  _ \ / _ \|  _ \ 
(_)____| |    | | |  _| \___ \ | |   |  _| | |_) | |_) | | | | |_) |
 |_____| |    | | | |___ ___) || |   | |___|  _ <|  _ <| |_| |  _ < 
(_)    | |    |_| |_____|____/ |_|   |_____|_| \_\_| \_\\___/|_| \_\
        \_\                                                         

DataDriven Test For adding multiple students to the Student App
---------------------------------------------------------------------
35230 [CreateStudentDataDrivenTest-1-thread-4] ERROR  -     Test failed at step: POST
35230 [CreateStudentDataDrivenTest-1-thread-4] ERROR  -     Some exception during recording fields
]]></system-err>
  </testcase>
  <testcase name="createMultipleStudents[6]" classname="Junit.studentsinfo.CreateStudentDataDrivenTest" time="0.018">
    <error message="Connection refused: connect" type="java.net.ConnectException"><![CDATA[java.net.ConnectException: Connection refused: connect
	at Junit.studentsinfo.CreateStudentDataDrivenTest.createMultipleStudents(CreateStudentDataDrivenTest.java:76)
]]></error>
    <system-err><![CDATA[35233 [CreateStudentDataDrivenTest-1-thread-1] ERROR  - 
         __  _____ _____ ____ _____   _____ ____  ____   ___  ____  
 _      / / |_   _| ____/ ___|_   _| | ____|  _ \|  _ \ / _ \|  _ \ 
(_)____| |    | | |  _| \___ \ | |   |  _| | |_) | |_) | | | | |_) |
 |_____| |    | | | |___ ___) || |   | |___|  _ <|  _ <| |_| |  _ < 
(_)    | |    |_| |_____|____/ |_|   |_____|_| \_\_| \_\\___/|_| \_\
        \_\                                                         

DataDriven Test For adding multiple students to the Student App
---------------------------------------------------------------------
35234 [CreateStudentDataDrivenTest-1-thread-1] ERROR  -     Test failed at step: POST
35234 [CreateStudentDataDrivenTest-1-thread-1] ERROR  -     Some exception during recording fields
35250 [CreateStudentDataDrivenTest-1-thread-2] ERROR  - 
         __  _____ _____ ____ _____   _____ ____  ____   ___  ____  
 _      / / |_   _| ____/ ___|_   _| | ____|  _ \|  _ \ / _ \|  _ \ 
(_)____| |    | | |  _| \___ \ | |   |  _| | |_) | |_) | | | | |_) |
 |_____| |    | | | |___ ___) || |   | |___|  _ <|  _ <| |_| |  _ < 
(_)    | |    |_| |_____|____/ |_|   |_____|_| \_\_| \_\\___/|_| \_\
        \_\                                                         

DataDriven Test For adding multiple students to the Student App
---------------------------------------------------------------------
35250 [CreateStudentDataDrivenTest-1-thread-2] ERROR  -     Test failed at step: POST
35250 [CreateStudentDataDrivenTest-1-thread-2] ERROR  -     Some exception during recording fields
]]></system-err>
  </testcase>
  <testcase name="createMultipleStudents[9]" classname="Junit.studentsinfo.CreateStudentDataDrivenTest" time="0.025">
    <error message="Connection refused: connect" type="java.net.ConnectException"><![CDATA[java.net.ConnectException: Connection refused: connect
	at Junit.studentsinfo.CreateStudentDataDrivenTest.createMultipleStudents(CreateStudentDataDrivenTest.java:76)
]]></error>
    <system-err><![CDATA[35262 [CreateStudentDataDrivenTest-1-thread-7] ERROR  - 
         __  _____ _____ ____ _____   _____ ____  ____   ___  ____  
 _      / / |_   _| ____/ ___|_   _| | ____|  _ \|  _ \ / _ \|  _ \ 
(_)____| |    | | |  _| \___ \ | |   |  _| | |_) | |_) | | | | |_) |
 |_____| |    | | | |___ ___) || |   | |___|  _ <|  _ <| |_| |  _ < 
(_)    | |    |_| |_____|____/ |_|   |_____|_| \_\_| \_\\___/|_| \_\
        \_\                                                         

DataDriven Test For adding multiple students to the Student App
---------------------------------------------------------------------
35263 [CreateStudentDataDrivenTest-1-thread-7] ERROR  -     Test failed at step: POST
35263 [CreateStudentDataDrivenTest-1-thread-7] ERROR  -     Some exception during recording fields
]]></system-err>
  </testcase>
  <testcase name="createMultipleStudents[2]" classname="Junit.studentsinfo.CreateStudentDataDrivenTest" time="0.03">
    <error message="Connection refused: connect" type="java.net.ConnectException"><![CDATA[java.net.ConnectException: Connection refused: connect
	at Junit.studentsinfo.CreateStudentDataDrivenTest.createMultipleStudents(CreateStudentDataDrivenTest.java:76)
]]></error>
    <system-err><![CDATA[35270 [CreateStudentDataDrivenTest-1-thread-10] ERROR  - 
         __  _____ _____ ____ _____   _____ ____  ____   ___  ____  
 _      / / |_   _| ____/ ___|_   _| | ____|  _ \|  _ \ / _ \|  _ \ 
(_)____| |    | | |  _| \___ \ | |   |  _| | |_) | |_) | | | | |_) |
 |_____| |    | | | |___ ___) || |   | |___|  _ <|  _ <| |_| |  _ < 
(_)    | |    |_| |_____|____/ |_|   |_____|_| \_\_| \_\\___/|_| \_\
        \_\                                                         

DataDriven Test For adding multiple students to the Student App
---------------------------------------------------------------------
35271 [CreateStudentDataDrivenTest-1-thread-10] ERROR  -     Test failed at step: POST
35271 [CreateStudentDataDrivenTest-1-thread-10] ERROR  -     Some exception during recording fields
]]></system-err>
  </testcase>
  <testcase name="createMultipleStudents[16]" classname="Junit.studentsinfo.CreateStudentDataDrivenTest" time="1.285">
    <error message="Connection refused: connect" type="java.net.ConnectException"><![CDATA[java.net.ConnectException: Connection refused: connect
	at Junit.studentsinfo.CreateStudentDataDrivenTest.createMultipleStudents(CreateStudentDataDrivenTest.java:76)
]]></error>
    <system-err><![CDATA[35276 [CreateStudentDataDrivenTest-1-thread-3] ERROR  - 
         __  _____ _____ ____ _____   _____ ____  ____   ___  ____  
 _      / / |_   _| ____/ ___|_   _| | ____|  _ \|  _ \ / _ \|  _ \ 
(_)____| |    | | |  _| \___ \ | |   |  _| | |_) | |_) | | | | |_) |
 |_____| |    | | | |___ ___) || |   | |___|  _ <|  _ <| |_| |  _ < 
(_)    | |    |_| |_____|____/ |_|   |_____|_| \_\_| \_\\___/|_| \_\
        \_\                                                         

DataDriven Test For adding multiple students to the Student App
---------------------------------------------------------------------
35276 [CreateStudentDataDrivenTest-1-thread-3] ERROR  -     Test failed at step: POST
35277 [CreateStudentDataDrivenTest-1-thread-3] ERROR  -     Some exception during recording fields
35279 [CreateStudentDataDrivenTest-1-thread-9] INFO  - Test Suite Started: Create student data driven test
36163 [CreateStudentDataDrivenTest-1-thread-9] INFO  - 
 _____ _____ ____ _____   ____ _____  _    ____ _____ _____ ____  
|_   _| ____/ ___|_   _| / ___|_   _|/ \  |  _ \_   _| ____|  _ \ 
  | | |  _| \___ \ | |   \___ \ | | / _ \ | |_) || | |  _| | | | |
  | | | |___ ___) || |    ___) || |/ ___ \|  _ < | | | |___| |_| |
  |_| |_____|____/ |_|   |____/ |_/_/   \_\_| \_\|_| |_____|____/ 

createMultipleStudents[22]
-------------------------------------------------------------------
36166 [CreateStudentDataDrivenTest-1-thread-6] INFO  - Test Suite Started: Create student data driven test
37449 [CreateStudentDataDrivenTest-1-thread-6] INFO  - 
 _____ _____ ____ _____   ____ _____  _    ____ _____ _____ ____  
|_   _| ____/ ___|_   _| / ___|_   _|/ \  |  _ \_   _| ____|  _ \ 
  | | |  _| \___ \ | |   \___ \ | | / _ \ | |_) || | |  _| | | | |
  | | | |___ ___) || |    ___) || |/ ___ \|  _ < | | | |___| |_| |
  |_| |_____|____/ |_|   |____/ |_/_/   \_\_| \_\|_| |_____|____/ 

createMultipleStudents[23]
-------------------------------------------------------------------
]]></system-err>
  </testcase>
  <testcase name="createMultipleStudents[23]" classname="Junit.studentsinfo.CreateStudentDataDrivenTest" time="0.776">
    <error message="Connection refused: connect" type="java.net.ConnectException"><![CDATA[java.net.ConnectException: Connection refused: connect
	at Junit.studentsinfo.CreateStudentDataDrivenTest.createMultipleStudents(CreateStudentDataDrivenTest.java:76)
]]></error>
    <system-err><![CDATA[37456 [CreateStudentDataDrivenTest-1-thread-5] ERROR  - 
         __  _____ _____ ____ _____   _____ ____  ____   ___  ____  
 _      / / |_   _| ____/ ___|_   _| | ____|  _ \|  _ \ / _ \|  _ \ 
(_)____| |    | | |  _| \___ \ | |   |  _| | |_) | |_) | | | | |_) |
 |_____| |    | | | |___ ___) || |   | |___|  _ <|  _ <| |_| |  _ < 
(_)    | |    |_| |_____|____/ |_|   |_____|_| \_\_| \_\\___/|_| \_\
        \_\                                                         

DataDriven Test For adding multiple students to the Student App
---------------------------------------------------------------------
37457 [CreateStudentDataDrivenTest-1-thread-5] ERROR  -     Test failed at step: POST
37457 [CreateStudentDataDrivenTest-1-thread-5] ERROR  -     Some exception during recording fields
37467 [CreateStudentDataDrivenTest-1-thread-7] INFO  - Test Suite Started: Create student data driven test
38321 [CreateStudentDataDrivenTest-1-thread-7] INFO  - 
 _____ _____ ____ _____   ____ _____  _    ____ _____ _____ ____  
|_   _| ____/ ___|_   _| / ___|_   _|/ \  |  _ \_   _| ____|  _ \ 
  | | |  _| \___ \ | |   \___ \ | | / _ \ | |_) || | |  _| | | | |
  | | | |___ ___) || |    ___) || |/ ___ \|  _ < | | | |___| |_| |
  |_| |_____|____/ |_|   |____/ |_/_/   \_\_| \_\|_| |_____|____/ 

createMultipleStudents[29]
-------------------------------------------------------------------
38322 [CreateStudentDataDrivenTest-1-thread-1] INFO  - Test Suite Started: Create student data driven test
39551 [CreateStudentDataDrivenTest-1-thread-1] INFO  - 
 _____ _____ ____ _____   ____ _____  _    ____ _____ _____ ____  
|_   _| ____/ ___|_   _| / ___|_   _|/ \  |  _ \_   _| ____|  _ \ 
  | | |  _| \___ \ | |   \___ \ | | / _ \ | |_) || | |  _| | | | |
  | | | |___ ___) || |    ___) || |/ ___ \|  _ < | | | |___| |_| |
  |_| |_____|____/ |_|   |____/ |_/_/   \_\_| \_\|_| |_____|____/ 

createMultipleStudents[27]
-------------------------------------------------------------------
39552 [CreateStudentDataDrivenTest-1-thread-8] INFO  - Test Suite Started: Create student data driven test
40422 [CreateStudentDataDrivenTest-1-thread-8] INFO  - 
 _____ _____ ____ _____   ____ _____  _    ____ _____ _____ ____  
|_   _| ____/ ___|_   _| / ___|_   _|/ \  |  _ \_   _| ____|  _ \ 
  | | |  _| \___ \ | |   \___ \ | | / _ \ | |_) || | |  _| | | | |
  | | | |___ ___) || |    ___) || |/ ___ \|  _ < | | | |___| |_| |
  |_| |_____|____/ |_|   |____/ |_/_/   \_\_| \_\|_| |_____|____/ 

createMultipleStudents[24]
-------------------------------------------------------------------
40429 [CreateStudentDataDrivenTest-1-thread-15] INFO  - Test Suite Started: Create student data driven test
41958 [CreateStudentDataDrivenTest-1-thread-15] INFO  - 
 _____ _____ ____ _____   ____ _____  _    ____ _____ _____ ____  
|_   _| ____/ ___|_   _| / ___|_   _|/ \  |  _ \_   _| ____|  _ \ 
  | | |  _| \___ \ | |   \___ \ | | / _ \ | |_) || | |  _| | | | |
  | | | |___ ___) || |    ___) || |/ ___ \|  _ < | | | |___| |_| |
  |_| |_____|____/ |_|   |____/ |_/_/   \_\_| \_\|_| |_____|____/ 

createMultipleStudents[26]
-------------------------------------------------------------------
41959 [CreateStudentDataDrivenTest-1-thread-11] INFO  - Test Suite Started: Create student data driven test
42735 [CreateStudentDataDrivenTest-1-thread-11] INFO  - 
 _____ _____ ____ _____   ____ _____  _    ____ _____ _____ ____  
|_   _| ____/ ___|_   _| / ___|_   _|/ \  |  _ \_   _| ____|  _ \ 
  | | |  _| \___ \ | |   \___ \ | | / _ \ | |_) || | |  _| | | | |
  | | | |___ ___) || |    ___) || |/ ___ \|  _ < | | | |___| |_| |
  |_| |_____|____/ |_|   |____/ |_/_/   \_\_| \_\|_| |_____|____/ 

createMultipleStudents[25]
-------------------------------------------------------------------
]]></system-err>
  </testcase>
  <testcase name="createMultipleStudents[20]" classname="Junit.studentsinfo.CreateStudentDataDrivenTest" time="0.001">
    <error message="Connection refused: connect" type="java.net.ConnectException"><![CDATA[java.net.ConnectException: Connection refused: connect
	at Junit.studentsinfo.CreateStudentDataDrivenTest.createMultipleStudents(CreateStudentDataDrivenTest.java:76)
]]></error>
  </testcase>
  <testcase name="createMultipleStudents[18]" classname="Junit.studentsinfo.CreateStudentDataDrivenTest" time="1.222">
    <error message="Connection refused: connect" type="java.net.ConnectException"><![CDATA[java.net.ConnectException: Connection refused: connect
	at Junit.studentsinfo.CreateStudentDataDrivenTest.createMultipleStudents(CreateStudentDataDrivenTest.java:76)
]]></error>
    <system-err><![CDATA[42741 [CreateStudentDataDrivenTest-1-thread-2] INFO  - Test Suite Started: Create student data driven test
43948 [CreateStudentDataDrivenTest-1-thread-2] INFO  - 
 _____ _____ ____ _____   ____ _____  _    ____ _____ _____ ____  
|_   _| ____/ ___|_   _| / ___|_   _|/ \  |  _ \_   _| ____|  _ \ 
  | | |  _| \___ \ | |   \___ \ | | / _ \ | |_) || | |  _| | | | |
  | | | |___ ___) || |    ___) || |/ ___ \|  _ < | | | |___| |_| |
  |_| |_____|____/ |_|   |____/ |_/_/   \_\_| \_\|_| |_____|____/ 

createMultipleStudents[28]
-------------------------------------------------------------------
]]></system-err>
  </testcase>
  <testcase name="createMultipleStudents[21]" classname="Junit.studentsinfo.CreateStudentDataDrivenTest" time="0">
    <error message="Connection refused: connect" type="java.net.ConnectException"><![CDATA[java.net.ConnectException: Connection refused: connect
	at Junit.studentsinfo.CreateStudentDataDrivenTest.createMultipleStudents(CreateStudentDataDrivenTest.java:76)
]]></error>
    <system-err><![CDATA[43952 [CreateStudentDataDrivenTest-1-thread-16] ERROR  - 
         __  _____ _____ ____ _____   _____ ____  ____   ___  ____  
 _      / / |_   _| ____/ ___|_   _| | ____|  _ \|  _ \ / _ \|  _ \ 
(_)____| |    | | |  _| \___ \ | |   |  _| | |_) | |_) | | | | |_) |
 |_____| |    | | | |___ ___) || |   | |___|  _ <|  _ <| |_| |  _ < 
(_)    | |    |_| |_____|____/ |_|   |_____|_| \_\_| \_\\___/|_| \_\
        \_\                                                         

DataDriven Test For adding multiple students to the Student App
---------------------------------------------------------------------
43952 [CreateStudentDataDrivenTest-1-thread-16] ERROR  -     Test failed at step: POST
43952 [CreateStudentDataDrivenTest-1-thread-16] ERROR  -     Some exception during recording fields
]]></system-err>
  </testcase>
  <testcase name="createMultipleStudents[27]" classname="Junit.studentsinfo.CreateStudentDataDrivenTest" time="0.823">
    <error message="Connection refused: connect" type="java.net.ConnectException"><![CDATA[java.net.ConnectException: Connection refused: connect
	at Junit.studentsinfo.CreateStudentDataDrivenTest.createMultipleStudents(CreateStudentDataDrivenTest.java:76)
]]></error>
    <system-err><![CDATA[43959 [CreateStudentDataDrivenTest-1-thread-13] ERROR  - 
         __  _____ _____ ____ _____   _____ ____  ____   ___  ____  
 _      / / |_   _| ____/ ___|_   _| | ____|  _ \|  _ \ / _ \|  _ \ 
(_)____| |    | | |  _| \___ \ | |   |  _| | |_) | |_) | | | | |_) |
 |_____| |    | | | |___ ___) || |   | |___|  _ <|  _ <| |_| |  _ < 
(_)    | |    |_| |_____|____/ |_|   |_____|_| \_\_| \_\\___/|_| \_\
        \_\                                                         

DataDriven Test For adding multiple students to the Student App
---------------------------------------------------------------------
43959 [CreateStudentDataDrivenTest-1-thread-13] ERROR  -     Test failed at step: POST
43959 [CreateStudentDataDrivenTest-1-thread-13] ERROR  -     Some exception during recording fields
43961 [CreateStudentDataDrivenTest-1-thread-3] INFO  - Test Suite Started: Create student data driven test
44811 [CreateStudentDataDrivenTest-1-thread-3] INFO  - 
 _____ _____ ____ _____   ____ _____  _    ____ _____ _____ ____  
|_   _| ____/ ___|_   _| / ___|_   _|/ \  |  _ \_   _| ____|  _ \ 
  | | |  _| \___ \ | |   \___ \ | | / _ \ | |_) || | |  _| | | | |
  | | | |___ ___) || |    ___) || |/ ___ \|  _ < | | | |___| |_| |
  |_| |_____|____/ |_|   |____/ |_/_/   \_\_| \_\|_| |_____|____/ 

createMultipleStudents[31]
-------------------------------------------------------------------
]]></system-err>
  </testcase>
  <testcase name="createMultipleStudents[29]" classname="Junit.studentsinfo.CreateStudentDataDrivenTest" time="2.02">
    <error message="Connection refused: connect" type="java.net.ConnectException"><![CDATA[java.net.ConnectException: Connection refused: connect
	at Junit.studentsinfo.CreateStudentDataDrivenTest.createMultipleStudents(CreateStudentDataDrivenTest.java:76)
]]></error>
    <system-err><![CDATA[44816 [CreateStudentDataDrivenTest-1-thread-14] ERROR  - 
         __  _____ _____ ____ _____   _____ ____  ____   ___  ____  
 _      / / |_   _| ____/ ___|_   _| | ____|  _ \|  _ \ / _ \|  _ \ 
(_)____| |    | | |  _| \___ \ | |   |  _| | |_) | |_) | | | | |_) |
 |_____| |    | | | |___ ___) || |   | |___|  _ <|  _ <| |_| |  _ < 
(_)    | |    |_| |_____|____/ |_|   |_____|_| \_\_| \_\\___/|_| \_\
        \_\                                                         

DataDriven Test For adding multiple students to the Student App
---------------------------------------------------------------------
44816 [CreateStudentDataDrivenTest-1-thread-14] ERROR  -     Test failed at step: POST
44817 [CreateStudentDataDrivenTest-1-thread-14] ERROR  -     Some exception during recording fields
44819 [CreateStudentDataDrivenTest-1-thread-12] ERROR  - 
         __  _____ _____ ____ _____   _____ ____  ____   ___  ____  
 _      / / |_   _| ____/ ___|_   _| | ____|  _ \|  _ \ / _ \|  _ \ 
(_)____| |    | | |  _| \___ \ | |   |  _| | |_) | |_) | | | | |_) |
 |_____| |    | | | |___ ___) || |   | |___|  _ <|  _ <| |_| |  _ < 
(_)    | |    |_| |_____|____/ |_|   |_____|_| \_\_| \_\\___/|_| \_\
        \_\                                                         

DataDriven Test For adding multiple students to the Student App
---------------------------------------------------------------------
44820 [CreateStudentDataDrivenTest-1-thread-12] ERROR  -     Test failed at step: POST
44820 [CreateStudentDataDrivenTest-1-thread-12] ERROR  -     Some exception during recording fields
44821 [CreateStudentDataDrivenTest-1-thread-4] INFO  - Test Suite Started: Create student data driven test
46008 [CreateStudentDataDrivenTest-1-thread-4] INFO  - 
 _____ _____ ____ _____   ____ _____  _    ____ _____ _____ ____  
|_   _| ____/ ___|_   _| / ___|_   _|/ \  |  _ \_   _| ____|  _ \ 
  | | |  _| \___ \ | |   \___ \ | | / _ \ | |_) || | |  _| | | | |
  | | | |___ ___) || |    ___) || |/ ___ \|  _ < | | | |___| |_| |
  |_| |_____|____/ |_|   |____/ |_/_/   \_\_| \_\|_| |_____|____/ 

createMultipleStudents[33]
-------------------------------------------------------------------
]]></system-err>
  </testcase>
  <testcase name="createMultipleStudents[26]" classname="Junit.studentsinfo.CreateStudentDataDrivenTest" time="2.02">
    <error message="Connection refused: connect" type="java.net.ConnectException"><![CDATA[java.net.ConnectException: Connection refused: connect
	at Junit.studentsinfo.CreateStudentDataDrivenTest.createMultipleStudents(CreateStudentDataDrivenTest.java:76)
]]></error>
  </testcase>
  <testcase name="createMultipleStudents[24]" classname="Junit.studentsinfo.CreateStudentDataDrivenTest" time="0.826">
    <error message="Connection refused: connect" type="java.net.ConnectException"><![CDATA[java.net.ConnectException: Connection refused: connect
	at Junit.studentsinfo.CreateStudentDataDrivenTest.createMultipleStudents(CreateStudentDataDrivenTest.java:76)
]]></error>
    <system-err><![CDATA[46012 [CreateStudentDataDrivenTest-1-thread-15] ERROR  - 
         __  _____ _____ ____ _____   _____ ____  ____   ___  ____  
 _      / / |_   _| ____/ ___|_   _| | ____|  _ \|  _ \ / _ \|  _ \ 
(_)____| |    | | |  _| \___ \ | |   |  _| | |_) | |_) | | | | |_) |
 |_____| |    | | | |___ ___) || |   | |___|  _ <|  _ <| |_| |  _ < 
(_)    | |    |_| |_____|____/ |_|   |_____|_| \_\_| \_\\___/|_| \_\
        \_\                                                         

DataDriven Test For adding multiple students to the Student App
---------------------------------------------------------------------
46013 [CreateStudentDataDrivenTest-1-thread-15] ERROR  -     Test failed at step: POST
46013 [CreateStudentDataDrivenTest-1-thread-15] ERROR  -     Some exception during recording fields
46015 [CreateStudentDataDrivenTest-1-thread-14] INFO  - Test Suite Started: Create student data driven test
46816 [CreateStudentDataDrivenTest-1-thread-14] INFO  - 
 _____ _____ ____ _____   ____ _____  _    ____ _____ _____ ____  
|_   _| ____/ ___|_   _| / ___|_   _|/ \  |  _ \_   _| ____|  _ \ 
  | | |  _| \___ \ | |   \___ \ | | / _ \ | |_) || | |  _| | | | |
  | | | |___ ___) || |    ___) || |/ ___ \|  _ < | | | |___| |_| |
  |_| |_____|____/ |_|   |____/ |_/_/   \_\_| \_\|_| |_____|____/ 

createMultipleStudents[35]
-------------------------------------------------------------------
46819 [CreateStudentDataDrivenTest-1-thread-1] ERROR  - 
         __  _____ _____ ____ _____   _____ ____  ____   ___  ____  
 _      / / |_   _| ____/ ___|_   _| | ____|  _ \|  _ \ / _ \|  _ \ 
(_)____| |    | | |  _| \___ \ | |   |  _| | |_) | |_) | | | | |_) |
 |_____| |    | | | |___ ___) || |   | |___|  _ <|  _ <| |_| |  _ < 
(_)    | |    |_| |_____|____/ |_|   |_____|_| \_\_| \_\\___/|_| \_\
        \_\                                                         

DataDriven Test For adding multiple students to the Student App
---------------------------------------------------------------------
46820 [CreateStudentDataDrivenTest-1-thread-1] ERROR  -     Test failed at step: POST
46820 [CreateStudentDataDrivenTest-1-thread-1] ERROR  -     Some exception during recording fields
]]></system-err>
  </testcase>
  <testcase name="createMultipleStudents[28]" classname="Junit.studentsinfo.CreateStudentDataDrivenTest" time="2.01">
    <error message="Connection refused: connect" type="java.net.ConnectException"><![CDATA[java.net.ConnectException: Connection refused: connect
	at Junit.studentsinfo.CreateStudentDataDrivenTest.createMultipleStudents(CreateStudentDataDrivenTest.java:76)
]]></error>
    <system-err><![CDATA[46827 [CreateStudentDataDrivenTest-1-thread-8] ERROR  - 
         __  _____ _____ ____ _____   _____ ____  ____   ___  ____  
 _      / / |_   _| ____/ ___|_   _| | ____|  _ \|  _ \ / _ \|  _ \ 
(_)____| |    | | |  _| \___ \ | |   |  _| | |_) | |_) | | | | |_) |
 |_____| |    | | | |___ ___) || |   | |___|  _ <|  _ <| |_| |  _ < 
(_)    | |    |_| |_____|____/ |_|   |_____|_| \_\_| \_\\___/|_| \_\
        \_\                                                         

DataDriven Test For adding multiple students to the Student App
---------------------------------------------------------------------
46827 [CreateStudentDataDrivenTest-1-thread-8] ERROR  -     Test failed at step: POST
46828 [CreateStudentDataDrivenTest-1-thread-8] ERROR  -     Some exception during recording fields
46829 [CreateStudentDataDrivenTest-1-thread-13] INFO  - Test Suite Started: Create student data driven test
48068 [CreateStudentDataDrivenTest-1-thread-13] INFO  - 
 _____ _____ ____ _____   ____ _____  _    ____ _____ _____ ____  
|_   _| ____/ ___|_   _| / ___|_   _|/ \  |  _ \_   _| ____|  _ \ 
  | | |  _| \___ \ | |   \___ \ | | / _ \ | |_) || | |  _| | | | |
  | | | |___ ___) || |    ___) || |/ ___ \|  _ < | | | |___| |_| |
  |_| |_____|____/ |_|   |____/ |_/_/   \_\_| \_\|_| |_____|____/ 

createMultipleStudents[34]
-------------------------------------------------------------------
48069 [CreateStudentDataDrivenTest-1-thread-5] INFO  - Test Suite Started: Create student data driven test
48869 [CreateStudentDataDrivenTest-1-thread-5] INFO  - 
 _____ _____ ____ _____   ____ _____  _    ____ _____ _____ ____  
|_   _| ____/ ___|_   _| / ___|_   _|/ \  |  _ \_   _| ____|  _ \ 
  | | |  _| \___ \ | |   \___ \ | | / _ \ | |_) || | |  _| | | | |
  | | | |___ ___) || |    ___) || |/ ___ \|  _ < | | | |___| |_| |
  |_| |_____|____/ |_|   |____/ |_/_/   \_\_| \_\|_| |_____|____/ 

createMultipleStudents[30]
-------------------------------------------------------------------
]]></system-err>
  </testcase>
  <testcase name="createMultipleStudents[22]" classname="Junit.studentsinfo.CreateStudentDataDrivenTest" time="2.012">
    <error message="Connection refused: connect" type="java.net.ConnectException"><![CDATA[java.net.ConnectException: Connection refused: connect
	at Junit.studentsinfo.CreateStudentDataDrivenTest.createMultipleStudents(CreateStudentDataDrivenTest.java:76)
]]></error>
  </testcase>
  <testcase name="createMultipleStudents[25]" classname="Junit.studentsinfo.CreateStudentDataDrivenTest" time="0.021">
    <error message="Connection refused: connect" type="java.net.ConnectException"><![CDATA[java.net.ConnectException: Connection refused: connect
	at Junit.studentsinfo.CreateStudentDataDrivenTest.createMultipleStudents(CreateStudentDataDrivenTest.java:76)
]]></error>
    <system-err><![CDATA[48876 [CreateStudentDataDrivenTest-1-thread-10] INFO  - Test Suite Started: Create student data driven test
50168 [CreateStudentDataDrivenTest-1-thread-10] INFO  - 
 _____ _____ ____ _____   ____ _____  _    ____ _____ _____ ____  
|_   _| ____/ ___|_   _| / ___|_   _|/ \  |  _ \_   _| ____|  _ \ 
  | | |  _| \___ \ | |   \___ \ | | / _ \ | |_) || | |  _| | | | |
  | | | |___ ___) || |    ___) || |/ ___ \|  _ < | | | |___| |_| |
  |_| |_____|____/ |_|   |____/ |_/_/   \_\_| \_\|_| |_____|____/ 

createMultipleStudents[32]
-------------------------------------------------------------------
50169 [CreateStudentDataDrivenTest-1-thread-16] INFO  - Test Suite Started: Create student data driven test
50987 [CreateStudentDataDrivenTest-1-thread-16] INFO  - 
 _____ _____ ____ _____   ____ _____  _    ____ _____ _____ ____  
|_   _| ____/ ___|_   _| / ___|_   _|/ \  |  _ \_   _| ____|  _ \ 
  | | |  _| \___ \ | |   \___ \ | | / _ \ | |_) || | |  _| | | | |
  | | | |___ ___) || |    ___) || |/ ___ \|  _ < | | | |___| |_| |
  |_| |_____|____/ |_|   |____/ |_/_/   \_\_| \_\|_| |_____|____/ 

createMultipleStudents[37]
-------------------------------------------------------------------
]]></system-err>
  </testcase>
  <testcase name="createMultipleStudents[35]" classname="Junit.studentsinfo.CreateStudentDataDrivenTest" time="2.043">
    <error message="Connection refused: connect" type="java.net.ConnectException"><![CDATA[java.net.ConnectException: Connection refused: connect
	at Junit.studentsinfo.CreateStudentDataDrivenTest.createMultipleStudents(CreateStudentDataDrivenTest.java:76)
]]></error>
    <system-err><![CDATA[50992 [CreateStudentDataDrivenTest-1-thread-11] ERROR  - 
         __  _____ _____ ____ _____   _____ ____  ____   ___  ____  
 _      / / |_   _| ____/ ___|_   _| | ____|  _ \|  _ \ / _ \|  _ \ 
(_)____| |    | | |  _| \___ \ | |   |  _| | |_) | |_) | | | | |_) |
 |_____| |    | | | |___ ___) || |   | |___|  _ <|  _ <| |_| |  _ < 
(_)    | |    |_| |_____|____/ |_|   |_____|_| \_\_| \_\\___/|_| \_\
        \_\                                                         

DataDriven Test For adding multiple students to the Student App
---------------------------------------------------------------------
50993 [CreateStudentDataDrivenTest-1-thread-11] ERROR  -     Test failed at step: POST
50993 [CreateStudentDataDrivenTest-1-thread-11] ERROR  -     Some exception during recording fields
50999 [CreateStudentDataDrivenTest-1-thread-6] ERROR  - 
         __  _____ _____ ____ _____   _____ ____  ____   ___  ____  
 _      / / |_   _| ____/ ___|_   _| | ____|  _ \|  _ \ / _ \|  _ \ 
(_)____| |    | | |  _| \___ \ | |   |  _| | |_) | |_) | | | | |_) |
 |_____| |    | | | |___ ___) || |   | |___|  _ <|  _ <| |_| |  _ < 
(_)    | |    |_| |_____|____/ |_|   |_____|_| \_\_| \_\\___/|_| \_\
        \_\                                                         

DataDriven Test For adding multiple students to the Student App
---------------------------------------------------------------------
50999 [CreateStudentDataDrivenTest-1-thread-6] ERROR  -     Test failed at step: POST
51000 [CreateStudentDataDrivenTest-1-thread-6] ERROR  -     Some exception during recording fields
51003 [CreateStudentDataDrivenTest-1-thread-12] INFO  - Test Suite Started: Create student data driven test
52253 [CreateStudentDataDrivenTest-1-thread-12] INFO  - 
 _____ _____ ____ _____   ____ _____  _    ____ _____ _____ ____  
|_   _| ____/ ___|_   _| / ___|_   _|/ \  |  _ \_   _| ____|  _ \ 
  | | |  _| \___ \ | |   \___ \ | | / _ \ | |_) || | |  _| | | | |
  | | | |___ ___) || |    ___) || |/ ___ \|  _ < | | | |___| |_| |
  |_| |_____|____/ |_|   |____/ |_/_/   \_\_| \_\|_| |_____|____/ 

createMultipleStudents[36]
-------------------------------------------------------------------
52254 [CreateStudentDataDrivenTest-1-thread-1] INFO  - Test Suite Started: Create student data driven test
53033 [CreateStudentDataDrivenTest-1-thread-1] INFO  - 
 _____ _____ ____ _____   ____ _____  _    ____ _____ _____ ____  
|_   _| ____/ ___|_   _| / ___|_   _|/ \  |  _ \_   _| ____|  _ \ 
  | | |  _| \___ \ | |   \___ \ | | / _ \ | |_) || | |  _| | | | |
  | | | |___ ___) || |    ___) || |/ ___ \|  _ < | | | |___| |_| |
  |_| |_____|____/ |_|   |____/ |_/_/   \_\_| \_\|_| |_____|____/ 

createMultipleStudents[38]
-------------------------------------------------------------------
]]></system-err>
  </testcase>
  <testcase name="createMultipleStudents[33]" classname="Junit.studentsinfo.CreateStudentDataDrivenTest" time="2.043">
    <error message="Connection refused: connect" type="java.net.ConnectException"><![CDATA[java.net.ConnectException: Connection refused: connect
	at Junit.studentsinfo.CreateStudentDataDrivenTest.createMultipleStudents(CreateStudentDataDrivenTest.java:76)
]]></error>
  </testcase>
  <testcase name="createMultipleStudents[31]" classname="Junit.studentsinfo.CreateStudentDataDrivenTest" time="2.07">
    <error message="Connection refused: connect" type="java.net.ConnectException"><![CDATA[java.net.ConnectException: Connection refused: connect
	at Junit.studentsinfo.CreateStudentDataDrivenTest.createMultipleStudents(CreateStudentDataDrivenTest.java:76)
]]></error>
    <system-err><![CDATA[53038 [CreateStudentDataDrivenTest-1-thread-9] ERROR  - 
         __  _____ _____ ____ _____   _____ ____  ____   ___  ____  
 _      / / |_   _| ____/ ___|_   _| | ____|  _ \|  _ \ / _ \|  _ \ 
(_)____| |    | | |  _| \___ \ | |   |  _| | |_) | |_) | | | | |_) |
 |_____| |    | | | |___ ___) || |   | |___|  _ <|  _ <| |_| |  _ < 
(_)    | |    |_| |_____|____/ |_|   |_____|_| \_\_| \_\\___/|_| \_\
        \_\                                                         

DataDriven Test For adding multiple students to the Student App
---------------------------------------------------------------------
53039 [CreateStudentDataDrivenTest-1-thread-9] ERROR  -     Test failed at step: POST
53039 [CreateStudentDataDrivenTest-1-thread-9] ERROR  -     Some exception during recording fields
53041 [CreateStudentDataDrivenTest-1-thread-2] ERROR  - 
         __  _____ _____ ____ _____   _____ ____  ____   ___  ____  
 _      / / |_   _| ____/ ___|_   _| | ____|  _ \|  _ \ / _ \|  _ \ 
(_)____| |    | | |  _| \___ \ | |   |  _| | |_) | |_) | | | | |_) |
 |_____| |    | | | |___ ___) || |   | |___|  _ <|  _ <| |_| |  _ < 
(_)    | |    |_| |_____|____/ |_|   |_____|_| \_\_| \_\\___/|_| \_\
        \_\                                                         

DataDriven Test For adding multiple students to the Student App
---------------------------------------------------------------------
53041 [CreateStudentDataDrivenTest-1-thread-2] ERROR  -     Test failed at step: POST
53042 [CreateStudentDataDrivenTest-1-thread-2] ERROR  -     Some exception during recording fields
]]></system-err>
  </testcase>
  <testcase name="createMultipleStudents[34]" classname="Junit.studentsinfo.CreateStudentDataDrivenTest" time="2.065">
    <error message="Connection refused: connect" type="java.net.ConnectException"><![CDATA[java.net.ConnectException: Connection refused: connect
	at Junit.studentsinfo.CreateStudentDataDrivenTest.createMultipleStudents(CreateStudentDataDrivenTest.java:76)
]]></error>
    <system-err><![CDATA[53050 [CreateStudentDataDrivenTest-1-thread-3] ERROR  - 
         __  _____ _____ ____ _____   _____ ____  ____   ___  ____  
 _      / / |_   _| ____/ ___|_   _| | ____|  _ \|  _ \ / _ \|  _ \ 
(_)____| |    | | |  _| \___ \ | |   |  _| | |_) | |_) | | | | |_) |
 |_____| |    | | | |___ ___) || |   | |___|  _ <|  _ <| |_| |  _ < 
(_)    | |    |_| |_____|____/ |_|   |_____|_| \_\_| \_\\___/|_| \_\
        \_\                                                         

DataDriven Test For adding multiple students to the Student App
---------------------------------------------------------------------
53050 [CreateStudentDataDrivenTest-1-thread-3] ERROR  -     Test failed at step: POST
53051 [CreateStudentDataDrivenTest-1-thread-3] ERROR  -     Some exception during recording fields
53059 [CreateStudentDataDrivenTest-1-thread-9] INFO  - Test Suite Started: Create student data driven test
54278 [CreateStudentDataDrivenTest-1-thread-9] INFO  - 
 _____ _____ ____ _____   ____ _____  _    ____ _____ _____ ____  
|_   _| ____/ ___|_   _| / ___|_   _|/ \  |  _ \_   _| ____|  _ \ 
  | | |  _| \___ \ | |   \___ \ | | / _ \ | |_) || | |  _| | | | |
  | | | |___ ___) || |    ___) || |/ ___ \|  _ < | | | |___| |_| |
  |_| |_____|____/ |_|   |____/ |_/_/   \_\_| \_\|_| |_____|____/ 

createMultipleStudents[44]
-------------------------------------------------------------------
54279 [CreateStudentDataDrivenTest-1-thread-8] INFO  - Test Suite Started: Create student data driven test
55141 [CreateStudentDataDrivenTest-1-thread-8] INFO  - 
 _____ _____ ____ _____   ____ _____  _    ____ _____ _____ ____  
|_   _| ____/ ___|_   _| / ___|_   _|/ \  |  _ \_   _| ____|  _ \ 
  | | |  _| \___ \ | |   \___ \ | | / _ \ | |_) || | |  _| | | | |
  | | | |___ ___) || |    ___) || |/ ___ \|  _ < | | | |___| |_| |
  |_| |_____|____/ |_|   |____/ |_/_/   \_\_| \_\|_| |_____|____/ 

createMultipleStudents[39]
-------------------------------------------------------------------
55146 [CreateStudentDataDrivenTest-1-thread-14] ERROR  - 
         __  _____ _____ ____ _____   _____ ____  ____   ___  ____  
 _      / / |_   _| ____/ ___|_   _| | ____|  _ \|  _ \ / _ \|  _ \ 
(_)____| |    | | |  _| \___ \ | |   |  _| | |_) | |_) | | | | |_) |
 |_____| |    | | | |___ ___) || |   | |___|  _ <|  _ <| |_| |  _ < 
(_)    | |    |_| |_____|____/ |_|   |_____|_| \_\_| \_\\___/|_| \_\
        \_\                                                         

DataDriven Test For adding multiple students to the Student App
---------------------------------------------------------------------
55148 [CreateStudentDataDrivenTest-1-thread-14] ERROR  -     Test failed at step: POST
55149 [CreateStudentDataDrivenTest-1-thread-14] ERROR  -     Some exception during recording fields
]]></system-err>
  </testcase>
  <testcase name="createMultipleStudents[36]" classname="Junit.studentsinfo.CreateStudentDataDrivenTest" time="0.001">
    <error message="Connection refused: connect" type="java.net.ConnectException"><![CDATA[java.net.ConnectException: Connection refused: connect
	at Junit.studentsinfo.CreateStudentDataDrivenTest.createMultipleStudents(CreateStudentDataDrivenTest.java:76)
]]></error>
    <system-err><![CDATA[55155 [CreateStudentDataDrivenTest-1-thread-13] ERROR  - 
         __  _____ _____ ____ _____   _____ ____  ____   ___  ____  
 _      / / |_   _| ____/ ___|_   _| | ____|  _ \|  _ \ / _ \|  _ \ 
(_)____| |    | | |  _| \___ \ | |   |  _| | |_) | |_) | | | | |_) |
 |_____| |    | | | |___ ___) || |   | |___|  _ <|  _ <| |_| |  _ < 
(_)    | |    |_| |_____|____/ |_|   |_____|_| \_\_| \_\\___/|_| \_\
        \_\                                                         

DataDriven Test For adding multiple students to the Student App
---------------------------------------------------------------------
55155 [CreateStudentDataDrivenTest-1-thread-13] ERROR  -     Test failed at step: POST
55155 [CreateStudentDataDrivenTest-1-thread-13] ERROR  -     Some exception during recording fields
55158 [CreateStudentDataDrivenTest-1-thread-6] INFO  - Test Suite Started: Create student data driven test
56428 [CreateStudentDataDrivenTest-1-thread-6] INFO  - 
 _____ _____ ____ _____   ____ _____  _    ____ _____ _____ ____  
|_   _| ____/ ___|_   _| / ___|_   _|/ \  |  _ \_   _| ____|  _ \ 
  | | |  _| \___ \ | |   \___ \ | | / _ \ | |_) || | |  _| | | | |
  | | | |___ ___) || |    ___) || |/ ___ \|  _ < | | | |___| |_| |
  |_| |_____|____/ |_|   |____/ |_/_/   \_\_| \_\|_| |_____|____/ 

createMultipleStudents[41]
-------------------------------------------------------------------
56430 [CreateStudentDataDrivenTest-1-thread-7] ERROR  - 
         __  _____ _____ ____ _____   _____ ____  ____   ___  ____  
 _      / / |_   _| ____/ ___|_   _| | ____|  _ \|  _ \ / _ \|  _ \ 
(_)____| |    | | |  _| \___ \ | |   |  _| | |_) | |_) | | | | |_) |
 |_____| |    | | | |___ ___) || |   | |___|  _ <|  _ <| |_| |  _ < 
(_)    | |    |_| |_____|____/ |_|   |_____|_| \_\_| \_\\___/|_| \_\
        \_\                                                         

DataDriven Test For adding multiple students to the Student App
---------------------------------------------------------------------
56430 [CreateStudentDataDrivenTest-1-thread-7] ERROR  -     Test failed at step: POST
56430 [CreateStudentDataDrivenTest-1-thread-7] ERROR  -     Some exception during recording fields
]]></system-err>
  </testcase>
  <testcase name="createMultipleStudents[37]" classname="Junit.studentsinfo.CreateStudentDataDrivenTest" time="1.341">
    <error message="Connection refused: connect" type="java.net.ConnectException"><![CDATA[java.net.ConnectException: Connection refused: connect
	at Junit.studentsinfo.CreateStudentDataDrivenTest.createMultipleStudents(CreateStudentDataDrivenTest.java:76)
]]></error>
    <system-err><![CDATA[56437 [CreateStudentDataDrivenTest-1-thread-13] INFO  - Test Suite Started: Create student data driven test
57385 [CreateStudentDataDrivenTest-1-thread-13] INFO  - 
 _____ _____ ____ _____   ____ _____  _    ____ _____ _____ ____  
|_   _| ____/ ___|_   _| / ___|_   _|/ \  |  _ \_   _| ____|  _ \ 
  | | |  _| \___ \ | |   \___ \ | | / _ \ | |_) || | |  _| | | | |
  | | | |___ ___) || |    ___) || |/ ___ \|  _ < | | | |___| |_| |
  |_| |_____|____/ |_|   |____/ |_/_/   \_\_| \_\|_| |_____|____/ 

createMultipleStudents[46]
-------------------------------------------------------------------
57389 [CreateStudentDataDrivenTest-1-thread-11] INFO  - Test Suite Started: Create student data driven test
58722 [CreateStudentDataDrivenTest-1-thread-11] INFO  - 
 _____ _____ ____ _____   ____ _____  _    ____ _____ _____ ____  
|_   _| ____/ ___|_   _| / ___|_   _|/ \  |  _ \_   _| ____|  _ \ 
  | | |  _| \___ \ | |   \___ \ | | / _ \ | |_) || | |  _| | | | |
  | | | |___ ___) || |    ___) || |/ ___ \|  _ < | | | |___| |_| |
  |_| |_____|____/ |_|   |____/ |_/_/   \_\_| \_\|_| |_____|____/ 

createMultipleStudents[45]
-------------------------------------------------------------------
]]></system-err>
  </testcase>
  <testcase name="createMultipleStudents[32]" classname="Junit.studentsinfo.CreateStudentDataDrivenTest" time="1.355">
    <error message="Connection refused: connect" type="java.net.ConnectException"><![CDATA[java.net.ConnectException: Connection refused: connect
	at Junit.studentsinfo.CreateStudentDataDrivenTest.createMultipleStudents(CreateStudentDataDrivenTest.java:76)
]]></error>
    <system-err><![CDATA[58727 [CreateStudentDataDrivenTest-1-thread-4] ERROR  - 
         __  _____ _____ ____ _____   _____ ____  ____   ___  ____  
 _      / / |_   _| ____/ ___|_   _| | ____|  _ \|  _ \ / _ \|  _ \ 
(_)____| |    | | |  _| \___ \ | |   |  _| | |_) | |_) | | | | |_) |
 |_____| |    | | | |___ ___) || |   | |___|  _ <|  _ <| |_| |  _ < 
(_)    | |    |_| |_____|____/ |_|   |_____|_| \_\_| \_\\___/|_| \_\
        \_\                                                         

DataDriven Test For adding multiple students to the Student App
---------------------------------------------------------------------
58727 [CreateStudentDataDrivenTest-1-thread-4] ERROR  -     Test failed at step: POST
58728 [CreateStudentDataDrivenTest-1-thread-4] ERROR  -     Some exception during recording fields
]]></system-err>
  </testcase>
  <testcase name="createMultipleStudents[39]" classname="Junit.studentsinfo.CreateStudentDataDrivenTest" time="1.228">
    <error message="Connection refused: connect" type="java.net.ConnectException"><![CDATA[java.net.ConnectException: Connection refused: connect
	at Junit.studentsinfo.CreateStudentDataDrivenTest.createMultipleStudents(CreateStudentDataDrivenTest.java:76)
]]></error>
    <system-err><![CDATA[58732 [CreateStudentDataDrivenTest-1-thread-3] INFO  - Test Suite Started: Create student data driven test
59596 [CreateStudentDataDrivenTest-1-thread-3] INFO  - 
 _____ _____ ____ _____   ____ _____  _    ____ _____ _____ ____  
|_   _| ____/ ___|_   _| / ___|_   _|/ \  |  _ \_   _| ____|  _ \ 
  | | |  _| \___ \ | |   \___ \ | | / _ \ | |_) || | |  _| | | | |
  | | | |___ ___) || |    ___) || |/ ___ \|  _ < | | | |___| |_| |
  |_| |_____|____/ |_|   |____/ |_/_/   \_\_| \_\|_| |_____|____/ 

createMultipleStudents[43]
-------------------------------------------------------------------
59597 [CreateStudentDataDrivenTest-1-thread-2] INFO  - Test Suite Started: Create student data driven test
60818 [CreateStudentDataDrivenTest-1-thread-2] INFO  - 
 _____ _____ ____ _____   ____ _____  _    ____ _____ _____ ____  
|_   _| ____/ ___|_   _| / ___|_   _|/ \  |  _ \_   _| ____|  _ \ 
  | | |  _| \___ \ | |   \___ \ | | / _ \ | |_) || | |  _| | | | |
  | | | |___ ___) || |    ___) || |/ ___ \|  _ < | | | |___| |_| |
  |_| |_____|____/ |_|   |____/ |_/_/   \_\_| \_\|_| |_____|____/ 

createMultipleStudents[42]
-------------------------------------------------------------------
]]></system-err>
  </testcase>
  <testcase name="createMultipleStudents[38]" classname="Junit.studentsinfo.CreateStudentDataDrivenTest" time="1.242">
    <error message="Connection refused: connect" type="java.net.ConnectException"><![CDATA[java.net.ConnectException: Connection refused: connect
	at Junit.studentsinfo.CreateStudentDataDrivenTest.createMultipleStudents(CreateStudentDataDrivenTest.java:76)
]]></error>
    <system-err><![CDATA[60823 [CreateStudentDataDrivenTest-1-thread-8] ERROR  - 
         __  _____ _____ ____ _____   _____ ____  ____   ___  ____  
 _      / / |_   _| ____/ ___|_   _| | ____|  _ \|  _ \ / _ \|  _ \ 
(_)____| |    | | |  _| \___ \ | |   |  _| | |_) | |_) | | | | |_) |
 |_____| |    | | | |___ ___) || |   | |___|  _ <|  _ <| |_| |  _ < 
(_)    | |    |_| |_____|____/ |_|   |_____|_| \_\_| \_\\___/|_| \_\
        \_\                                                         

DataDriven Test For adding multiple students to the Student App
---------------------------------------------------------------------
60824 [CreateStudentDataDrivenTest-1-thread-8] ERROR  -     Test failed at step: POST
60824 [CreateStudentDataDrivenTest-1-thread-8] ERROR  -     Some exception during recording fields
]]></system-err>
  </testcase>
  <testcase name="createMultipleStudents[30]" classname="Junit.studentsinfo.CreateStudentDataDrivenTest" time="1.242">
    <error message="Connection refused: connect" type="java.net.ConnectException"><![CDATA[java.net.ConnectException: Connection refused: connect
	at Junit.studentsinfo.CreateStudentDataDrivenTest.createMultipleStudents(CreateStudentDataDrivenTest.java:76)
]]></error>
  </testcase>
  <testcase name="createMultipleStudents[46]" classname="Junit.studentsinfo.CreateStudentDataDrivenTest" time="0.804">
    <error message="Connection refused: connect" type="java.net.ConnectException"><![CDATA[java.net.ConnectException: Connection refused: connect
	at Junit.studentsinfo.CreateStudentDataDrivenTest.createMultipleStudents(CreateStudentDataDrivenTest.java:76)
]]></error>
    <system-err><![CDATA[60839 [CreateStudentDataDrivenTest-1-thread-15] INFO  - Test Suite Started: Create student data driven test
61641 [CreateStudentDataDrivenTest-1-thread-15] INFO  - 
 _____ _____ ____ _____   ____ _____  _    ____ _____ _____ ____  
|_   _| ____/ ___|_   _| / ___|_   _|/ \  |  _ \_   _| ____|  _ \ 
  | | |  _| \___ \ | |   \___ \ | | / _ \ | |_) || | |  _| | | | |
  | | | |___ ___) || |    ___) || |/ ___ \|  _ < | | | |___| |_| |
  |_| |_____|____/ |_|   |____/ |_/_/   \_\_| \_\|_| |_____|____/ 

createMultipleStudents[40]
-------------------------------------------------------------------
]]></system-err>
  </testcase>
  <testcase name="createMultipleStudents[41]" classname="Junit.studentsinfo.CreateStudentDataDrivenTest" time="0.798">
    <error message="Connection refused: connect" type="java.net.ConnectException"><![CDATA[java.net.ConnectException: Connection refused: connect
	at Junit.studentsinfo.CreateStudentDataDrivenTest.createMultipleStudents(CreateStudentDataDrivenTest.java:76)
]]></error>
    <system-err><![CDATA[61644 [CreateStudentDataDrivenTest-1-thread-7] INFO  - Test Suite Started: Create student data driven test
62877 [CreateStudentDataDrivenTest-1-thread-7] INFO  - 
 _____ _____ ____ _____   ____ _____  _    ____ _____ _____ ____  
|_   _| ____/ ___|_   _| / ___|_   _|/ \  |  _ \_   _| ____|  _ \ 
  | | |  _| \___ \ | |   \___ \ | | / _ \ | |_) || | |  _| | | | |
  | | | |___ ___) || |    ___) || |/ ___ \|  _ < | | | |___| |_| |
  |_| |_____|____/ |_|   |____/ |_/_/   \_\_| \_\|_| |_____|____/ 

createMultipleStudents[47]
-------------------------------------------------------------------
62878 [CreateStudentDataDrivenTest-1-thread-1] ERROR  - 
         __  _____ _____ ____ _____   _____ ____  ____   ___  ____  
 _      / / |_   _| ____/ ___|_   _| | ____|  _ \|  _ \ / _ \|  _ \ 
(_)____| |    | | |  _| \___ \ | |   |  _| | |_) | |_) | | | | |_) |
 |_____| |    | | | |___ ___) || |   | |___|  _ <|  _ <| |_| |  _ < 
(_)    | |    |_| |_____|____/ |_|   |_____|_| \_\_| \_\\___/|_| \_\
        \_\                                                         

DataDriven Test For adding multiple students to the Student App
---------------------------------------------------------------------
62879 [CreateStudentDataDrivenTest-1-thread-1] ERROR  -     Test failed at step: POST
62879 [CreateStudentDataDrivenTest-1-thread-1] ERROR  -     Some exception during recording fields
62880 [CreateStudentDataDrivenTest-1-thread-14] INFO  - Test Suite Started: Create student data driven test
63673 [CreateStudentDataDrivenTest-1-thread-14] INFO  - 
 _____ _____ ____ _____   ____ _____  _    ____ _____ _____ ____  
|_   _| ____/ ___|_   _| / ___|_   _|/ \  |  _ \_   _| ____|  _ \ 
  | | |  _| \___ \ | |   \___ \ | | / _ \ | |_) || | |  _| | | | |
  | | | |___ ___) || |    ___) || |/ ___ \|  _ < | | | |___| |_| |
  |_| |_____|____/ |_|   |____/ |_/_/   \_\_| \_\|_| |_____|____/ 

createMultipleStudents[49]
-------------------------------------------------------------------
]]></system-err>
  </testcase>
  <testcase name="createMultipleStudents[43]" classname="Junit.studentsinfo.CreateStudentDataDrivenTest" time="0.833">
    <error message="Connection refused: connect" type="java.net.ConnectException"><![CDATA[java.net.ConnectException: Connection refused: connect
	at Junit.studentsinfo.CreateStudentDataDrivenTest.createMultipleStudents(CreateStudentDataDrivenTest.java:76)
]]></error>
    <system-err><![CDATA[63678 [CreateStudentDataDrivenTest-1-thread-10] ERROR  - 
         __  _____ _____ ____ _____   _____ ____  ____   ___  ____  
 _      / / |_   _| ____/ ___|_   _| | ____|  _ \|  _ \ / _ \|  _ \ 
(_)____| |    | | |  _| \___ \ | |   |  _| | |_) | |_) | | | | |_) |
 |_____| |    | | | |___ ___) || |   | |___|  _ <|  _ <| |_| |  _ < 
(_)    | |    |_| |_____|____/ |_|   |_____|_| \_\_| \_\\___/|_| \_\
        \_\                                                         

DataDriven Test For adding multiple students to the Student App
---------------------------------------------------------------------
63678 [CreateStudentDataDrivenTest-1-thread-10] ERROR  -     Test failed at step: POST
63678 [CreateStudentDataDrivenTest-1-thread-10] ERROR  -     Some exception during recording fields
63680 [CreateStudentDataDrivenTest-1-thread-16] ERROR  - 
         __  _____ _____ ____ _____   _____ ____  ____   ___  ____  
 _      / / |_   _| ____/ ___|_   _| | ____|  _ \|  _ \ / _ \|  _ \ 
(_)____| |    | | |  _| \___ \ | |   |  _| | |_) | |_) | | | | |_) |
 |_____| |    | | | |___ ___) || |   | |___|  _ <|  _ <| |_| |  _ < 
(_)    | |    |_| |_____|____/ |_|   |_____|_| \_\_| \_\\___/|_| \_\
        \_\                                                         

DataDriven Test For adding multiple students to the Student App
---------------------------------------------------------------------
63680 [CreateStudentDataDrivenTest-1-thread-16] ERROR  -     Test failed at step: POST
63680 [CreateStudentDataDrivenTest-1-thread-16] ERROR  -     Some exception during recording fields
]]></system-err>
  </testcase>
  <testcase name="createMultipleStudents[45]" classname="Junit.studentsinfo.CreateStudentDataDrivenTest" time="2.029">
    <error message="Connection refused: connect" type="java.net.ConnectException"><![CDATA[java.net.ConnectException: Connection refused: connect
	at Junit.studentsinfo.CreateStudentDataDrivenTest.createMultipleStudents(CreateStudentDataDrivenTest.java:76)
]]></error>
    <system-err><![CDATA[63684 [CreateStudentDataDrivenTest-1-thread-4] INFO  - Test Suite Started: Create student data driven test
[...]
  | | |  _| \___ \ | |   \___ \ | | / _ \ | |_) || | |  _| | | | |
  | | | |___ ___) || |    ___) || |/ ___ \|  _ < | | | |___| |_| |
  |_| |_____|____/ |_|   |____/ |_/_/   \_\_| \_\|_| |_____|____/ 

createMultipleStudents[99]
-------------------------------------------------------------------
]]></system-err>
  </testcase>
  <testcase name="createMultipleStudents[87]" classname="Junit.studentsinfo.CreateStudentDataDrivenTest" time="1.956">
    <error message="Connection refused: connect" type="java.net.ConnectException"><![CDATA[java.net.ConnectException: Connection refused: connect
	at Junit.studentsinfo.CreateStudentDataDrivenTest.createMultipleStudents(CreateStudentDataDrivenTest.java:76)
]]></error>
    <system-err><![CDATA[108075 [CreateStudentDataDrivenTest-1-thread-2] INFO  - Test Suite Started: Create student data driven test
108842 [CreateStudentDataDrivenTest-1-thread-2] INFO  - 
 _____ _____ ____ _____   ____ _____  _    ____ _____ _____ ____  
|_   _| ____/ ___|_   _| / ___|_   _|/ \  |  _ \_   _| ____|  _ \ 
  | | |  _| \___ \ | |   \___ \ | | / _ \ | |_) || | |  _| | | | |
  | | | |___ ___) || |    ___) || |/ ___ \|  _ < | | | |___| |_| |
  |_| |_____|____/ |_|   |____/ |_/_/   \_\_| \_\|_| |_____|____/ 

createMultipleStudents[90]
-------------------------------------------------------------------
]]></system-err>
  </testcase>
  <testcase name="createMultipleStudents[85]" classname="Junit.studentsinfo.CreateStudentDataDrivenTest" time="1.957">
    <error message="Connection refused: connect" type="java.net.ConnectException"><![CDATA[java.net.ConnectException: Connection refused: connect
	at Junit.studentsinfo.CreateStudentDataDrivenTest.createMultipleStudents(CreateStudentDataDrivenTest.java:76)
]]></error>
  </testcase>
  <testcase name="createMultipleStudents[92]" classname="Junit.studentsinfo.CreateStudentDataDrivenTest" time="3.883">
    <error message="Connection refused: connect" type="java.net.ConnectException"><![CDATA[java.net.ConnectException: Connection refused: connect
	at Junit.studentsinfo.CreateStudentDataDrivenTest.createMultipleStudents(CreateStudentDataDrivenTest.java:76)
]]></error>
    <system-err><![CDATA[108847 [CreateStudentDataDrivenTest-1-thread-5] INFO  - Test Suite Started: Create student data driven test
110004 [CreateStudentDataDrivenTest-1-thread-5] INFO  - 
 _____ _____ ____ _____   ____ _____  _    ____ _____ _____ ____  
|_   _| ____/ ___|_   _| / ___|_   _|/ \  |  _ \_   _| ____|  _ \ 
  | | |  _| \___ \ | |   \___ \ | | / _ \ | |_) || | |  _| | | | |
  | | | |___ ___) || |    ___) || |/ ___ \|  _ < | | | |___| |_| |
  |_| |_____|____/ |_|   |____/ |_/_/   \_\_| \_\|_| |_____|____/ 

createMultipleStudents[93]
-------------------------------------------------------------------
110005 [CreateStudentDataDrivenTest-1-thread-11] INFO  - Test Suite Started: Create student data driven test
110768 [CreateStudentDataDrivenTest-1-thread-11] INFO  - 
 _____ _____ ____ _____   ____ _____  _    ____ _____ _____ ____  
|_   _| ____/ ___|_   _| / ___|_   _|/ \  |  _ \_   _| ____|  _ \ 
  | | |  _| \___ \ | |   \___ \ | | / _ \ | |_) || | |  _| | | | |
  | | | |___ ___) || |    ___) || |/ ___ \|  _ < | | | |___| |_| |
  |_| |_____|____/ |_|   |____/ |_/_/   \_\_| \_\|_| |_____|____/ 

createMultipleStudents[98]
-------------------------------------------------------------------
]]></system-err>
  </testcase>
  <testcase name="createMultipleStudents[95]" classname="Junit.studentsinfo.CreateStudentDataDrivenTest" time="1.172">
    <error message="Connection refused: connect" type="java.net.ConnectException"><![CDATA[java.net.ConnectException: Connection refused: connect
	at Junit.studentsinfo.CreateStudentDataDrivenTest.createMultipleStudents(CreateStudentDataDrivenTest.java:76)
]]></error>
    <system-err><![CDATA[110771 [CreateStudentDataDrivenTest-1-thread-13] INFO  - Test Suite Started: Create student data driven test
111941 [CreateStudentDataDrivenTest-1-thread-13] INFO  - 
 _____ _____ ____ _____   ____ _____  _    ____ _____ _____ ____  
|_   _| ____/ ___|_   _| / ___|_   _|/ \  |  _ \_   _| ____|  _ \ 
  | | |  _| \___ \ | |   \___ \ | | / _ \ | |_) || | |  _| | | | |
  | | | |___ ___) || |    ___) || |/ ___ \|  _ < | | | |___| |_| |
  |_| |_____|____/ |_|   |____/ |_/_/   \_\_| \_\|_| |_____|____/ 

createMultipleStudents[94]
-------------------------------------------------------------------
]]></system-err>
  </testcase>
  <testcase name="createMultipleStudents[91]" classname="Junit.studentsinfo.CreateStudentDataDrivenTest" time="1.957">
    <error message="Connection refused: connect" type="java.net.ConnectException"><![CDATA[java.net.ConnectException: Connection refused: connect
	at Junit.studentsinfo.CreateStudentDataDrivenTest.createMultipleStudents(CreateStudentDataDrivenTest.java:76)
]]></error>
    <system-err><![CDATA[111945 [CreateStudentDataDrivenTest-1-thread-6] INFO  - Test Suite Started: Create student data driven test
112723 [CreateStudentDataDrivenTest-1-thread-6] INFO  - 
 _____ _____ ____ _____   ____ _____  _    ____ _____ _____ ____  
|_   _| ____/ ___|_   _| / ___|_   _|/ \  |  _ \_   _| ____|  _ \ 
  | | |  _| \___ \ | |   \___ \ | | / _ \ | |_) || | |  _| | | | |
  | | | |___ ___) || |    ___) || |/ ___ \|  _ < | | | |___| |_| |
  |_| |_____|____/ |_|   |____/ |_/_/   \_\_| \_\|_| |_____|____/ 

createMultipleStudents[96]
-------------------------------------------------------------------
]]></system-err>
  </testcase>
  <testcase name="createMultipleStudents[89]" classname="Junit.studentsinfo.CreateStudentDataDrivenTest" time="1.957">
    <error message="Connection refused: connect" type="java.net.ConnectException"><![CDATA[java.net.ConnectException: Connection refused: connect
	at Junit.studentsinfo.CreateStudentDataDrivenTest.createMultipleStudents(CreateStudentDataDrivenTest.java:76)
]]></error>
  </testcase>
  <testcase name="createMultipleStudents[99]" classname="Junit.studentsinfo.CreateStudentDataDrivenTest" time="1.988">
    <error message="Connection refused: connect" type="java.net.ConnectException"><![CDATA[java.net.ConnectException: Connection refused: connect
	at Junit.studentsinfo.CreateStudentDataDrivenTest.createMultipleStudents(CreateStudentDataDrivenTest.java:76)
]]></error>
    <system-err><![CDATA[112729 [CreateStudentDataDrivenTest-1-thread-15] ERROR  - 
         __  _____ _____ ____ _____   _____ ____  ____   ___  ____  
 _      / / |_   _| ____/ ___|_   _| | ____|  _ \|  _ \ / _ \|  _ \ 
(_)____| |    | | |  _| \___ \ | |   |  _| | |_) | |_) | | | | |_) |
 |_____| |    | | | |___ ___) || |   | |___|  _ <|  _ <| |_| |  _ < 
(_)    | |    |_| |_____|____/ |_|   |_____|_| \_\_| \_\\___/|_| \_\
        \_\                                                         

DataDriven Test For adding multiple students to the Student App
---------------------------------------------------------------------
112729 [CreateStudentDataDrivenTest-1-thread-15] ERROR  -     Test failed at step: POST
112729 [CreateStudentDataDrivenTest-1-thread-15] ERROR  -     Some exception during recording fields
112731 [CreateStudentDataDrivenTest-1-thread-16] ERROR  - 
         __  _____ _____ ____ _____   _____ ____  ____   ___  ____  
 _      / / |_   _| ____/ ___|_   _| | ____|  _ \|  _ \ / _ \|  _ \ 
(_)____| |    | | |  _| \___ \ | |   |  _| | |_) | |_) | | | | |_) |
 |_____| |    | | | |___ ___) || |   | |___|  _ <|  _ <| |_| |  _ < 
(_)    | |    |_| |_____|____/ |_|   |_____|_| \_\_| \_\\___/|_| \_\
        \_\                                                         

DataDriven Test For adding multiple students to the Student App
---------------------------------------------------------------------
112733 [CreateStudentDataDrivenTest-1-thread-16] ERROR  -     Test failed at step: POST
112733 [CreateStudentDataDrivenTest-1-thread-16] ERROR  -     Some exception during recording fields
112735 [CreateStudentDataDrivenTest-1-thread-14] ERROR  - 
         __  _____ _____ ____ _____   _____ ____  ____   ___  ____  
 _      / / |_   _| ____/ ___|_   _| | ____|  _ \|  _ \ / _ \|  _ \ 
(_)____| |    | | |  _| \___ \ | |   |  _| | |_) | |_) | | | | |_) |
 |_____| |    | | | |___ ___) || |   | |___|  _ <|  _ <| |_| |  _ < 
(_)    | |    |_| |_____|____/ |_|   |_____|_| \_\_| \_\\___/|_| \_\
        \_\                                                         

DataDriven Test For adding multiple students to the Student App
---------------------------------------------------------------------
112736 [CreateStudentDataDrivenTest-1-thread-14] ERROR  -     Test failed at step: POST
112736 [CreateStudentDataDrivenTest-1-thread-14] ERROR  -     Some exception during recording fields
112741 [CreateStudentDataDrivenTest-1-thread-12] ERROR  - 
         __  _____ _____ ____ _____   _____ ____  ____   ___  ____  
 _      / / |_   _| ____/ ___|_   _| | ____|  _ \|  _ \ / _ \|  _ \ 
(_)____| |    | | |  _| \___ \ | |   |  _| | |_) | |_) | | | | |_) |
 |_____| |    | | | |___ ___) || |   | |___|  _ <|  _ <| |_| |  _ < 
(_)    | |    |_| |_____|____/ |_|   |_____|_| \_\_| \_\\___/|_| \_\
        \_\                                                         

DataDriven Test For adding multiple students to the Student App
---------------------------------------------------------------------
112741 [CreateStudentDataDrivenTest-1-thread-12] ERROR  -     Test failed at step: POST
112741 [CreateStudentDataDrivenTest-1-thread-12] ERROR  -     Some exception during recording fields
112743 [CreateStudentDataDrivenTest-1-thread-9] ERROR  - 
         __  _____ _____ ____ _____   _____ ____  ____   ___  ____  
 _      / / |_   _| ____/ ___|_   _| | ____|  _ \|  _ \ / _ \|  _ \ 
(_)____| |    | | |  _| \___ \ | |   |  _| | |_) | |_) | | | | |_) |
 |_____| |    | | | |___ ___) || |   | |___|  _ <|  _ <| |_| |  _ < 
(_)    | |    |_| |_____|____/ |_|   |_____|_| \_\_| \_\\___/|_| \_\
        \_\                                                         

DataDriven Test For adding multiple students to the Student App
---------------------------------------------------------------------
112743 [CreateStudentDataDrivenTest-1-thread-9] ERROR  -     Test failed at step: POST
112743 [CreateStudentDataDrivenTest-1-thread-9] ERROR  -     Some exception during recording fields
]]></system-err>
  </testcase>
  <testcase name="createMultipleStudents[93]" classname="Junit.studentsinfo.CreateStudentDataDrivenTest" time="3.266">
    <error message="Connection refused: connect" type="java.net.ConnectException"><![CDATA[java.net.ConnectException: Connection refused: connect
	at Junit.studentsinfo.CreateStudentDataDrivenTest.createMultipleStudents(CreateStudentDataDrivenTest.java:76)
]]></error>
    <system-err><![CDATA[112746 [CreateStudentDataDrivenTest-1-thread-1] ERROR  - 
         __  _____ _____ ____ _____   _____ ____  ____   ___  ____  
 _      / / |_   _| ____/ ___|_   _| | ____|  _ \|  _ \ / _ \|  _ \ 
(_)____| |    | | |  _| \___ \ | |   |  _| | |_) | |_) | | | | |_) |
 |_____| |    | | | |___ ___) || |   | |___|  _ <|  _ <| |_| |  _ < 
(_)    | |    |_| |_____|____/ |_|   |_____|_| \_\_| \_\\___/|_| \_\
        \_\                                                         

DataDriven Test For adding multiple students to the Student App
---------------------------------------------------------------------
112746 [CreateStudentDataDrivenTest-1-thread-1] ERROR  -     Test failed at step: POST
112746 [CreateStudentDataDrivenTest-1-thread-1] ERROR  -     Some exception during recording fields
112747 [CreateStudentDataDrivenTest-1-thread-8] INFO  - Test Suite Started: Create student data driven test
113886 [CreateStudentDataDrivenTest-1-thread-8] INFO  - 
 _____ _____ ____ _____   ____ _____  _    ____ _____ _____ ____  
|_   _| ____/ ___|_   _| / ___|_   _|/ \  |  _ \_   _| ____|  _ \ 
  | | |  _| \___ \ | |   \___ \ | | / _ \ | |_) || | |  _| | | | |
  | | | |___ ___) || |    ___) || |/ ___ \|  _ < | | | |___| |_| |
  |_| |_____|____/ |_|   |____/ |_/_/   \_\_| \_\|_| |_____|____/ 

createMultipleStudents[97]
-------------------------------------------------------------------
113889 [CreateStudentDataDrivenTest-1-thread-7] ERROR  - 
         __  _____ _____ ____ _____   _____ ____  ____   ___  ____  
 _      / / |_   _| ____/ ___|_   _| | ____|  _ \|  _ \ / _ \|  _ \ 
(_)____| |    | | |  _| \___ \ | |   |  _| | |_) | |_) | | | | |_) |
 |_____| |    | | | |___ ___) || |   | |___|  _ <|  _ <| |_| |  _ < 
(_)    | |    |_| |_____|____/ |_|   |_____|_| \_\_| \_\\___/|_| \_\
        \_\                                                         

DataDriven Test For adding multiple students to the Student App
---------------------------------------------------------------------
113889 [CreateStudentDataDrivenTest-1-thread-7] ERROR  -     Test failed at step: POST
113889 [CreateStudentDataDrivenTest-1-thread-7] ERROR  -     Some exception during recording fields
113892 [CreateStudentDataDrivenTest-1-thread-3] ERROR  - 
         __  _____ _____ ____ _____   _____ ____  ____   ___  ____  
 _      / / |_   _| ____/ ___|_   _| | ____|  _ \|  _ \ / _ \|  _ \ 
(_)____| |    | | |  _| \___ \ | |   |  _| | |_) | |_) | | | | |_) |
 |_____| |    | | | |___ ___) || |   | |___|  _ <|  _ <| |_| |  _ < 
(_)    | |    |_| |_____|____/ |_|   |_____|_| \_\_| \_\\___/|_| \_\
        \_\                                                         

DataDriven Test For adding multiple students to the Student App
---------------------------------------------------------------------
113893 [CreateStudentDataDrivenTest-1-thread-3] ERROR  -     Test failed at step: POST
113893 [CreateStudentDataDrivenTest-1-thread-3] ERROR  -     Some exception during recording fields
]]></system-err>
  </testcase>
  <testcase name="createMultipleStudents[98]" classname="Junit.studentsinfo.CreateStudentDataDrivenTest" time="4.031">
    <error message="Connection refused: connect" type="java.net.ConnectException"><![CDATA[java.net.ConnectException: Connection refused: connect
	at Junit.studentsinfo.CreateStudentDataDrivenTest.createMultipleStudents(CreateStudentDataDrivenTest.java:76)
]]></error>
    <system-err><![CDATA[114042 [CreateStudentDataDrivenTest-1-thread-5] ERROR  - 
         __  _____ _____ ____ _____   _____ ____  ____   ___  ____  
 _      / / |_   _| ____/ ___|_   _| | ____|  _ \|  _ \ / _ \|  _ \ 
(_)____| |    | | |  _| \___ \ | |   |  _| | |_) | |_) | | | | |_) |
 |_____| |    | | | |___ ___) || |   | |___|  _ <|  _ <| |_| |  _ < 
(_)    | |    |_| |_____|____/ |_|   |_____|_| \_\_| \_\\___/|_| \_\
        \_\                                                         

DataDriven Test For adding multiple students to the Student App
---------------------------------------------------------------------
114042 [CreateStudentDataDrivenTest-1-thread-5] ERROR  -     Test failed at step: POST
114043 [CreateStudentDataDrivenTest-1-thread-5] ERROR  -     Some exception during recording fields
]]></system-err>
  </testcase>
  <testcase name="createMultipleStudents[94]" classname="Junit.studentsinfo.CreateStudentDataDrivenTest" time="5.193">
    <error message="Connection refused: connect" type="java.net.ConnectException"><![CDATA[java.net.ConnectException: Connection refused: connect
	at Junit.studentsinfo.CreateStudentDataDrivenTest.createMultipleStudents(CreateStudentDataDrivenTest.java:76)
]]></error>
    <system-err><![CDATA[114807 [CreateStudentDataDrivenTest-1-thread-11] ERROR  - 
         __  _____ _____ ____ _____   _____ ____  ____   ___  ____  
 _      / / |_   _| ____/ ___|_   _| | ____|  _ \|  _ \ / _ \|  _ \ 
(_)____| |    | | |  _| \___ \ | |   |  _| | |_) | |_) | | | | |_) |
 |_____| |    | | | |___ ___) || |   | |___|  _ <|  _ <| |_| |  _ < 
(_)    | |    |_| |_____|____/ |_|   |_____|_| \_\_| \_\\___/|_| \_\
        \_\                                                         

DataDriven Test For adding multiple students to the Student App
---------------------------------------------------------------------
114807 [CreateStudentDataDrivenTest-1-thread-11] ERROR  -     Test failed at step: POST
114807 [CreateStudentDataDrivenTest-1-thread-11] ERROR  -     Some exception during recording fields
]]></system-err>
  </testcase>
  <testcase name="createMultipleStudents[90]" classname="Junit.studentsinfo.CreateStudentDataDrivenTest" time="5.978">
    <error message="Connection refused: connect" type="java.net.ConnectException"><![CDATA[java.net.ConnectException: Connection refused: connect
	at Junit.studentsinfo.CreateStudentDataDrivenTest.createMultipleStudents(CreateStudentDataDrivenTest.java:76)
]]></error>
    <system-err><![CDATA[115968 [CreateStudentDataDrivenTest-1-thread-13] ERROR  - 
         __  _____ _____ ____ _____   _____ ____  ____   ___  ____  
 _      / / |_   _| ____/ ___|_   _| | ____|  _ \|  _ \ / _ \|  _ \ 
(_)____| |    | | |  _| \___ \ | |   |  _| | |_) | |_) | | | | |_) |
 |_____| |    | | | |___ ___) || |   | |___|  _ <|  _ <| |_| |  _ < 
(_)    | |    |_| |_____|____/ |_|   |_____|_| \_\_| \_\\___/|_| \_\
        \_\                                                         

DataDriven Test For adding multiple students to the Student App
---------------------------------------------------------------------
115969 [CreateStudentDataDrivenTest-1-thread-13] ERROR  -     Test failed at step: POST
115969 [CreateStudentDataDrivenTest-1-thread-13] ERROR  -     Some exception during recording fields
]]></system-err>
  </testcase>
  <testcase name="createMultipleStudents[96]" classname="Junit.studentsinfo.CreateStudentDataDrivenTest" time="5.991">
    <error message="Connection refused: connect" type="java.net.ConnectException"><![CDATA[java.net.ConnectException: Connection refused: connect
	at Junit.studentsinfo.CreateStudentDataDrivenTest.createMultipleStudents(CreateStudentDataDrivenTest.java:76)
]]></error>
    <system-err><![CDATA[116753 [CreateStudentDataDrivenTest-1-thread-2] ERROR  - 
         __  _____ _____ ____ _____   _____ ____  ____   ___  ____  
 _      / / |_   _| ____/ ___|_   _| | ____|  _ \|  _ \ / _ \|  _ \ 
(_)____| |    | | |  _| \___ \ | |   |  _| | |_) | |_) | | | | |_) |
 |_____| |    | | | |___ ___) || |   | |___|  _ <|  _ <| |_| |  _ < 
(_)    | |    |_| |_____|____/ |_|   |_____|_| \_\_| \_\\___/|_| \_\
        \_\                                                         

DataDriven Test For adding multiple students to the Student App
---------------------------------------------------------------------
116754 [CreateStudentDataDrivenTest-1-thread-2] ERROR  -     Test failed at step: POST
116754 [CreateStudentDataDrivenTest-1-thread-2] ERROR  -     Some exception during recording fields
]]></system-err>
  </testcase>
  <testcase name="createMultipleStudents[97]" classname="Junit.studentsinfo.CreateStudentDataDrivenTest" time="7.144">
    <error message="Connection refused: connect" type="java.net.ConnectException"><![CDATA[java.net.ConnectException: Connection refused: connect
	at Junit.studentsinfo.CreateStudentDataDrivenTest.createMultipleStudents(CreateStudentDataDrivenTest.java:76)
]]></error>
    <system-err><![CDATA[116766 [CreateStudentDataDrivenTest-1-thread-6] ERROR  - 
         __  _____ _____ ____ _____   _____ ____  ____   ___  ____  
 _      / / |_   _| ____/ ___|_   _| | ____|  _ \|  _ \ / _ \|  _ \ 
(_)____| |    | | |  _| \___ \ | |   |  _| | |_) | |_) | | | | |_) |
 |_____| |    | | | |___ ___) || |   | |___|  _ <|  _ <| |_| |  _ < 
(_)    | |    |_| |_____|____/ |_|   |_____|_| \_\_| \_\\___/|_| \_\
        \_\                                                         

DataDriven Test For adding multiple students to the Student App
---------------------------------------------------------------------
116766 [CreateStudentDataDrivenTest-1-thread-6] ERROR  -     Test failed at step: POST
116766 [CreateStudentDataDrivenTest-1-thread-6] ERROR  -     Some exception during recording fields
]]></system-err>
  </testcase>
</testsuite>