<?xml version="1.0" encoding="UTF-8"?><testsuite errors="4" failures="0" name="Junit.studentsinfo.studentCrudTest" skipped="0" tests="4" time="30.11" timestamp="2020-10-20 06:41:53"><testcase classname="Junit.studentsinfo.studentCrudTest" name="This test will create new student"><error message="Some exception during recording fields" type="java.lang.RuntimeException">Some exception during recording fields</error><system-err>Some exception during recording fields&#13;
net.serenitybdd.rest.filters.FieldsRecordingFilter.filter(FieldsRecordingFilter.java:52)&#13;
io.restassured.internal.filter.FilterContextImpl.next(FilterContextImpl.groovy:72)&#13;
io.restassured.filter.log.RequestLoggingFilter.filter(RequestLoggingFilter.java:124)&#13;
net.serenitybdd.rest.filters.FieldsRecordingFilter.filter(FieldsRecordingFilter.java:40)&#13;
io.restassured.internal.filter.FilterContextImpl.next(FilterContextImpl.groovy:72)&#13;
io.restassured.filter.log.RequestLoggingFilter.filter(RequestLoggingFilter.java:124)&#13;
net.serenitybdd.rest.filters.FieldsRecordingFilter.filter(FieldsRecordingFilter.java:40)&#13;
io.restassured.internal.filter.FilterContextImpl.next(FilterContextImpl.groovy:72)&#13;
io.restassured.filter.log.RequestLoggingFilter.filter(RequestLoggingFilter.java:124)&#13;
net.serenitybdd.rest.filters.FieldsRecordingFilter.filter(FieldsRecordingFilter.java:40)&#13;
io.restassured.internal.filter.FilterContextImpl.next(FilterContextImpl.groovy:72)&#13;
io.restassured.filter.log.RequestLoggingFilter.filter(RequestLoggingFilter.java:124)&#13;
net.serenitybdd.rest.filters.FieldsRecordingFilter.filter(FieldsRecordingFilter.java:40)&#13;
io.restassured.internal.filter.FilterContextImpl.next(FilterContextImpl.groovy:72)&#13;
io.restassured.filter.log.RequestLoggingFilter.filter(RequestLoggingFilter.java:124)&#13;
net.serenitybdd.rest.filters.FieldsRecordingFilter.filter(FieldsRecordingFilter.java:40)&#13;
io.restassured.internal.filter.FilterContextImpl.next(FilterContextImpl.groovy:72)&#13;
io.restassured.internal.RequestSpecificationImpl.applyPathParamsAndSendRequest(RequestSpecificationImpl.groovy:1631)&#13;
groovy.lang.MetaMethod.doMethodInvoke(MetaMethod.java:326)&#13;
groovy.lang.MetaClassImpl.invokeMethod(MetaClassImpl.java:1217)&#13;
groovy.lang.MetaClassImpl.invokeMethod(MetaClassImpl.java:1041)&#13;
groovy.lang.MetaClassImpl.invokeMethod(MetaClassImpl.java:821)&#13;
io.restassured.internal.RequestSpecificationImpl.invokeMethod(RequestSpecificationImpl.groovy)&#13;
io.restassured.internal.RequestSpecificationImpl.applyPathParamsAndSendRequest(RequestSpecificationImpl.groovy:1637)&#13;
groovy.lang.MetaMethod.doMethodInvoke(MetaMethod.java:326)&#13;
groovy.lang.MetaClassImpl.invokeMethod(MetaClassImpl.java:1217)&#13;
groovy.lang.MetaClassImpl.invokeMethod(MetaClassImpl.java:1041)&#13;
groovy.lang.MetaClassImpl.invokeMethod(MetaClassImpl.java:821)&#13;
io.restassured.internal.RequestSpecificationImpl.invokeMethod(RequestSpecificationImpl.groovy)&#13;
io.restassured.internal.RequestSpecificationImpl.post(RequestSpecificationImpl.groovy:170)&#13;
net.serenitybdd.rest.decorators.request.RequestSpecificationDecorated.executeCall(RequestSpecificationDecorated.java:303)&#13;
net.serenitybdd.rest.decorators.request.RequestSpecificationDecorated.execute(RequestSpecificationDecorated.java:263)&#13;
net.serenitybdd.rest.decorators.request.RequestSpecificationDecorated.post(RequestSpecificationDecorated.java:115)&#13;
net.serenitybdd.rest.decorators.request.RequestSpecificationDecorated.post(RequestSpecificationDecorated.java:105)&#13;
net.serenitybdd.rest.decorators.request.RequestSpecificationDecorated.post(RequestSpecificationDecorated.java:38)&#13;
com.studentapp.cucumber.serenity.studentSerenitySteps.createStudent(studentSerenitySteps.java:29)&#13;
Junit.studentsinfo.studentCrudTest.test001(studentCrudTest.java:49)&#13;
</system-err></testcase><testcase classname="Junit.studentsinfo.studentCrudTest" name="Verify if the student is added to the application"><error type="java.lang.NullPointerException"/><system-err>null&#13;
io.restassured.internal.print.ResponsePrinter.print(ResponsePrinter.java:46)&#13;
io.restassured.internal.ValidatableResponseOptionsImpl.logResponse(ValidatableResponseOptionsImpl.java:423)&#13;
io.restassured.internal.ValidatableResponseOptionsImpl.logResponse(ValidatableResponseOptionsImpl.java:419)&#13;
io.restassured.internal.ValidatableResponseOptionsImpl.logResponse(ValidatableResponseOptionsImpl.java:415)&#13;
io.restassured.internal.ValidatableResponseOptionsImpl.all(ValidatableResponseOptionsImpl.java:371)&#13;
com.studentapp.cucumber.serenity.studentSerenitySteps.getStudentInfoByFirstName(studentSerenitySteps.java:43)&#13;
Junit.studentsinfo.studentCrudTest.test002(studentCrudTest.java:60)&#13;
</system-err></testcase><testcase classname="Junit.studentsinfo.studentCrudTest" name="Update the user's info and verify the update information"><error message="Some exception during recording fields" type="java.lang.RuntimeException">Some exception during recording fields</error><system-err>Some exception during recording fields&#13;
net.serenitybdd.rest.filters.FieldsRecordingFilter.filter(FieldsRecordingFilter.java:52)&#13;
io.restassured.internal.filter.FilterContextImpl.next(FilterContextImpl.groovy:72)&#13;
io.restassured.filter.log.RequestLoggingFilter.filter(RequestLoggingFilter.java:124)&#13;
net.serenitybdd.rest.filters.FieldsRecordingFilter.filter(FieldsRecordingFilter.java:40)&#13;
io.restassured.internal.filter.FilterContextImpl.next(FilterContextImpl.groovy:72)&#13;
io.restassured.filter.log.RequestLoggingFilter.filter(RequestLoggingFilter.java:124)&#13;
net.serenitybdd.rest.filters.FieldsRecordingFilter.filter(FieldsRecordingFilter.java:40)&#13;
io.restassured.internal.filter.FilterContextImpl.next(FilterContextImpl.groovy:72)&#13;
io.restassured.filter.log.RequestLoggingFilter.filter(RequestLoggingFilter.java:124)&#13;
net.serenitybdd.rest.filters.FieldsRecordingFilter.filter(FieldsRecordingFilter.java:40)&#13;
io.restassured.internal.filter.FilterContextImpl.next(FilterContextImpl.groovy:72)&#13;
io.restassured.filter.log.RequestLoggingFilter.filter(RequestLoggingFilter.java:124)&#13;
net.serenitybdd.rest.filters.FieldsRecordingFilter.filter(FieldsRecordingFilter.java:40)&#13;
io.restassured.internal.filter.FilterContextImpl.next(FilterContextImpl.groovy:72)&#13;
io.restassured.filter.log.RequestLoggingFilter.filter(RequestLoggingFilter.java:124)&#13;
net.serenitybdd.rest.filters.FieldsRecordingFilter.filter(FieldsRecordingFilter.java:40)&#13;
io.restassured.internal.filter.FilterContextImpl.next(FilterContextImpl.groovy:72)&#13;
io.restassured.internal.RequestSpecificationImpl.applyPathParamsAndSendRequest(RequestSpecificationImpl.groovy:1631)&#13;
groovy.lang.MetaMethod.doMethodInvoke(MetaMethod.java:326)&#13;
groovy.lang.MetaClassImpl.invokeMethod(MetaClassImpl.java:1217)&#13;
groovy.lang.MetaClassImpl.invokeMethod(MetaClassImpl.java:1041)&#13;
groovy.lang.MetaClassImpl.invokeMethod(MetaClassImpl.java:821)&#13;
io.restassured.internal.RequestSpecificationImpl.invokeMethod(RequestSpecificationImpl.groovy)&#13;
io.restassured.internal.RequestSpecificationImpl.applyPathParamsAndSendRequest(RequestSpecificationImpl.groovy:1637)&#13;
groovy.lang.MetaMethod.doMethodInvoke(MetaMethod.java:326)&#13;
groovy.lang.MetaClassImpl.invokeMethod(MetaClassImpl.java:1217)&#13;
groovy.lang.MetaClassImpl.invokeMethod(MetaClassImpl.java:1041)&#13;
groovy.lang.MetaClassImpl.invokeMethod(MetaClassImpl.java:821)&#13;
io.restassured.internal.RequestSpecificationImpl.invokeMethod(RequestSpecificationImpl.groovy)&#13;
io.restassured.internal.RequestSpecificationImpl.put(RequestSpecificationImpl.groovy:174)&#13;
net.serenitybdd.rest.decorators.request.RequestSpecificationDecorated.executeCall(RequestSpecificationDecorated.java:309)&#13;
net.serenitybdd.rest.decorators.request.RequestSpecificationDecorated.execute(RequestSpecificationDecorated.java:263)&#13;
net.serenitybdd.rest.decorators.request.RequestSpecificationDecorated.put(RequestSpecificationDecorated.java:146)&#13;
net.serenitybdd.rest.decorators.request.RequestSpecificationDecorated.put(RequestSpecificationDecorated.java:38)&#13;
com.studentapp.cucumber.serenity.studentSerenitySteps.updateStudent(studentSerenitySteps.java:55)&#13;
Junit.studentsinfo.studentCrudTest.test003(studentCrudTest.java:76)&#13;
</system-err></testcase><testcase classname="Junit.studentsinfo.studentCrudTest" name="Delete the student and verify if the student is deleted!"><error message="Some exception during recording fields" type="java.lang.RuntimeException">Some exception during recording fields</error><system-err>Some exception during recording fields&#13;
net.serenitybdd.rest.filters.FieldsRecordingFilter.filter(FieldsRecordingFilter.java:52)&#13;
io.restassured.internal.filter.FilterContextImpl.next(FilterContextImpl.groovy:72)&#13;
io.restassured.filter.log.RequestLoggingFilter.filter(RequestLoggingFilter.java:124)&#13;
net.serenitybdd.rest.filters.FieldsRecordingFilter.filter(FieldsRecordingFilter.java:40)&#13;
io.restassured.internal.filter.FilterContextImpl.next(FilterContextImpl.groovy:72)&#13;
io.restassured.filter.log.RequestLoggingFilter.filter(RequestLoggingFilter.java:124)&#13;
net.serenitybdd.rest.filters.FieldsRecordingFilter.filter(FieldsRecordingFilter.java:40)&#13;
io.restassured.internal.filter.FilterContextImpl.next(FilterContextImpl.groovy:72)&#13;
io.restassured.filter.log.RequestLoggingFilter.filter(RequestLoggingFilter.java:124)&#13;
net.serenitybdd.rest.filters.FieldsRecordingFilter.filter(FieldsRecordingFilter.java:40)&#13;
io.restassured.internal.filter.FilterContextImpl.next(FilterContextImpl.groovy:72)&#13;
io.restassured.filter.log.RequestLoggingFilter.filter(RequestLoggingFilter.java:124)&#13;
net.serenitybdd.rest.filters.FieldsRecordingFilter.filter(FieldsRecordingFilter.java:40)&#13;
io.restassured.internal.filter.FilterContextImpl.next(FilterContextImpl.groovy:72)&#13;
io.restassured.filter.log.RequestLoggingFilter.filter(RequestLoggingFilter.java:124)&#13;
net.serenitybdd.rest.filters.FieldsRecordingFilter.filter(FieldsRecordingFilter.java:40)&#13;
io.restassured.internal.filter.FilterContextImpl.next(FilterContextImpl.groovy:72)&#13;
io.restassured.internal.RequestSpecificationImpl.applyPathParamsAndSendRequest(RequestSpecificationImpl.groovy:1631)&#13;
groovy.lang.MetaMethod.doMethodInvoke(MetaMethod.java:326)&#13;
groovy.lang.MetaClassImpl.invokeMethod(MetaClassImpl.java:1217)&#13;
groovy.lang.MetaClassImpl.invokeMethod(MetaClassImpl.java:1041)&#13;
groovy.lang.MetaClassImpl.invokeMethod(MetaClassImpl.java:821)&#13;
io.restassured.internal.RequestSpecificationImpl.invokeMethod(RequestSpecificationImpl.groovy)&#13;
io.restassured.internal.RequestSpecificationImpl.applyPathParamsAndSendRequest(RequestSpecificationImpl.groovy:1637)&#13;
groovy.lang.MetaMethod.doMethodInvoke(MetaMethod.java:326)&#13;
groovy.lang.MetaClassImpl.invokeMethod(MetaClassImpl.java:1217)&#13;
groovy.lang.MetaClassImpl.invokeMethod(MetaClassImpl.java:1041)&#13;
groovy.lang.MetaClassImpl.invokeMethod(MetaClassImpl.java:821)&#13;
io.restassured.internal.RequestSpecificationImpl.invokeMethod(RequestSpecificationImpl.groovy)&#13;
io.restassured.internal.RequestSpecificationImpl.delete(RequestSpecificationImpl.groovy:178)&#13;
net.serenitybdd.rest.decorators.request.RequestSpecificationDecorated.executeCall(RequestSpecificationDecorated.java:307)&#13;
net.serenitybdd.rest.decorators.request.RequestSpecificationDecorated.execute(RequestSpecificationDecorated.java:263)&#13;
net.serenitybdd.rest.decorators.request.RequestSpecificationDecorated.delete(RequestSpecificationDecorated.java:172)&#13;
net.serenitybdd.rest.decorators.request.RequestSpecificationDecorated.delete(RequestSpecificationDecorated.java:38)&#13;
com.studentapp.cucumber.serenity.studentSerenitySteps.deleteStudent(studentSerenitySteps.java:61)&#13;
Junit.studentsinfo.studentCrudTest.test004(studentCrudTest.java:87)&#13;
</system-err></testcase></testsuite>